Using pre-set license
Built from '2022.3/staging' branch; Version is '2022.3.14f1 (eff2de9070d8) revision 15725278'; Using compiler version '192829333'; Build Type 'Release'
OS: 'Windows 10  (10.0.19041) 64bit Core' Language: 'en' Physical Memory: 32601 MB
BatchMode: 1, IsHumanControllingUs: 0, StartBugReporterOnCrash: 0, Is64bit: 1, IsPro: 1

COMMAND LINE ARGUMENTS:
C:\Program Files\Unity\Hub\Editor\2022.3.14f1\Editor\Unity.exe
-adb2
-batchMode
-noUpm
-name
AssetImportWorker4
-projectPath
C:/Users/joesu/OneDrive/Documents/GitHub/Microgame_Collab_-_11.22.24/Microgame Template
-logFile
Logs/AssetImportWorker4.log
-srvPort
51110
Successfully changed project path to: C:/Users/joesu/OneDrive/Documents/GitHub/Microgame_Collab_-_11.22.24/Microgame Template
C:/Users/joesu/OneDrive/Documents/GitHub/Microgame_Collab_-_11.22.24/Microgame Template
[UnityMemory] Configuration Parameters - Can be set up in boot.config
    "memorysetup-bucket-allocator-granularity=16"
    "memorysetup-bucket-allocator-bucket-count=8"
    "memorysetup-bucket-allocator-block-size=33554432"
    "memorysetup-bucket-allocator-block-count=8"
    "memorysetup-main-allocator-block-size=16777216"
    "memorysetup-thread-allocator-block-size=16777216"
    "memorysetup-gfx-main-allocator-block-size=16777216"
    "memorysetup-gfx-thread-allocator-block-size=16777216"
    "memorysetup-cache-allocator-block-size=4194304"
    "memorysetup-typetree-allocator-block-size=2097152"
    "memorysetup-profiler-bucket-allocator-granularity=16"
    "memorysetup-profiler-bucket-allocator-bucket-count=8"
    "memorysetup-profiler-bucket-allocator-block-size=33554432"
    "memorysetup-profiler-bucket-allocator-block-count=8"
    "memorysetup-profiler-allocator-block-size=16777216"
    "memorysetup-profiler-editor-allocator-block-size=1048576"
    "memorysetup-temp-allocator-size-main=16777216"
    "memorysetup-job-temp-allocator-block-size=2097152"
    "memorysetup-job-temp-allocator-block-size-background=1048576"
    "memorysetup-job-temp-allocator-reduction-small-platforms=262144"
    "memorysetup-allocator-temp-initial-block-size-main=262144"
    "memorysetup-allocator-temp-initial-block-size-worker=262144"
    "memorysetup-temp-allocator-size-background-worker=32768"
    "memorysetup-temp-allocator-size-job-worker=262144"
    "memorysetup-temp-allocator-size-preload-manager=33554432"
    "memorysetup-temp-allocator-size-nav-mesh-worker=65536"
    "memorysetup-temp-allocator-size-audio-worker=65536"
    "memorysetup-temp-allocator-size-cloud-worker=32768"
    "memorysetup-temp-allocator-size-gi-baking-worker=262144"
    "memorysetup-temp-allocator-size-gfx=262144"
Player connection [22848] Host "[IP] 192.168.1.12 [Port] 0 [Flags] 2 [Guid] 393546992 [EditorId] 393546992 [Version] 1048832 [Id] WindowsEditor(7,DESKTOP-BJ1HARC) [Debug] 1 [PackageName] WindowsEditor [ProjectName] Editor" joined multi-casting on [225.0.0.222:54997]...

Player connection [22848] Host "[IP] 192.168.1.12 [Port] 0 [Flags] 2 [Guid] 393546992 [EditorId] 393546992 [Version] 1048832 [Id] WindowsEditor(7,DESKTOP-BJ1HARC) [Debug] 1 [PackageName] WindowsEditor [ProjectName] Editor" joined alternative multi-casting on [225.0.0.222:34997]...

[Physics::Module] Initialized MultithreadedJobDispatcher with 15 workers.
Refreshing native plugins compatible for Editor in 11.77 ms, found 3 plugins.
Preloading 0 native plugins for Editor in 0.00 ms.
Initialize engine version: 2022.3.14f1 (eff2de9070d8)
[Subsystems] Discovering subsystems at path C:/Program Files/Unity/Hub/Editor/2022.3.14f1/Editor/Data/Resources/UnitySubsystems
[Subsystems] Discovering subsystems at path C:/Users/joesu/OneDrive/Documents/GitHub/Microgame_Collab_-_11.22.24/Microgame Template/Assets
GfxDevice: creating device client; threaded=0; jobified=0
Direct3D:
    Version:  Direct3D 11.0 [level 11.1]
    Renderer: NVIDIA GeForce RTX 3070 (ID=0x2484)
    Vendor:   NVIDIA
    VRAM:     8031 MB
    Driver:   31.0.15.3742
Shader 'MoreMountains/MMRipple': fallback shader 'Particle/AlphaBlended' not found
Initialize mono
Mono path[0] = 'C:/Program Files/Unity/Hub/Editor/2022.3.14f1/Editor/Data/Managed'
Mono path[1] = 'C:/Program Files/Unity/Hub/Editor/2022.3.14f1/Editor/Data/MonoBleedingEdge/lib/mono/unityjit-win32'
Mono config path = 'C:/Program Files/Unity/Hub/Editor/2022.3.14f1/Editor/Data/MonoBleedingEdge/etc'
Using monoOptions --debugger-agent=transport=dt_socket,embedding=1,server=y,suspend=n,address=127.0.0.1:56528
Begin MonoManager ReloadAssembly
Registering precompiled unity dll's ...
Register platform support module: C:/Program Files/Unity/Hub/Editor/2022.3.14f1/Editor/Data/PlaybackEngines/WindowsStandaloneSupport/UnityEditor.WindowsStandalone.Extensions.dll
Registered in 0.010164 seconds.
- Loaded All Assemblies, in  0.316 seconds
Native extension for WindowsStandalone target not found
Mono: successfully reloaded assembly
- Finished resetting the current domain, in  0.226 seconds
Domain Reload Profiling: 540ms
	BeginReloadAssembly (99ms)
		ExecutionOrderSort (0ms)
		DisableScriptedObjects (0ms)
		BackupInstance (0ms)
		ReleaseScriptingObjects (0ms)
		CreateAndSetChildDomain (1ms)
	RebuildCommonClasses (29ms)
	RebuildNativeTypeToScriptingClass (10ms)
	initialDomainReloadingComplete (57ms)
	LoadAllAssembliesAndSetupDomain (118ms)
		LoadAssemblies (96ms)
		RebuildTransferFunctionScriptingTraits (0ms)
		AnalyzeDomain (117ms)
			TypeCache.Refresh (115ms)
				TypeCache.ScanAssembly (104ms)
			ScanForSourceGeneratedMonoScriptInfo (0ms)
			ResolveRequiredComponents (0ms)
	FinalizeReload (226ms)
		ReleaseScriptCaches (0ms)
		RebuildScriptCaches (0ms)
		SetupLoadedEditorAssemblies (173ms)
			LogAssemblyErrors (0ms)
			InitializePlatformSupportModulesInManaged (10ms)
			SetLoadedEditorAssemblies (6ms)
			RefreshPlugins (0ms)
			BeforeProcessingInitializeOnLoad (2ms)
			ProcessInitializeOnLoadAttributes (114ms)
			ProcessInitializeOnLoadMethodAttributes (41ms)
			AfterProcessingInitializeOnLoad (0ms)
			EditorAssembliesLoaded (0ms)
		ExecutionOrderSort2 (0ms)
		AwakeInstancesAfterBackupRestoration (0ms)
========================================================================
Worker process is ready to serve import requests
Begin MonoManager ReloadAssembly
- Loaded All Assemblies, in  0.693 seconds
Refreshing native plugins compatible for Editor in 4.79 ms, found 3 plugins.
Native extension for WindowsStandalone target not found
Package Manager log level set to [2]
[Package Manager] Server::EnsureServerProcessIsRunning -- launch failed, reason: Unity was launched with the -noUpm command-line argument
[Package Manager] UpmClient::Send -- Unable to send message (not connected to UPM process).
[Package Manager] Cannot connect to Unity Package Manager local server
Mono: successfully reloaded assembly
- Finished resetting the current domain, in  0.930 seconds
Domain Reload Profiling: 1618ms
	BeginReloadAssembly (135ms)
		ExecutionOrderSort (0ms)
		DisableScriptedObjects (5ms)
		BackupInstance (0ms)
		ReleaseScriptingObjects (0ms)
		CreateAndSetChildDomain (18ms)
	RebuildCommonClasses (32ms)
	RebuildNativeTypeToScriptingClass (11ms)
	initialDomainReloadingComplete (42ms)
	LoadAllAssembliesAndSetupDomain (468ms)
		LoadAssemblies (344ms)
		RebuildTransferFunctionScriptingTraits (0ms)
		AnalyzeDomain (204ms)
			TypeCache.Refresh (163ms)
				TypeCache.ScanAssembly (148ms)
			ScanForSourceGeneratedMonoScriptInfo (23ms)
			ResolveRequiredComponents (16ms)
	FinalizeReload (931ms)
		ReleaseScriptCaches (0ms)
		RebuildScriptCaches (0ms)
		SetupLoadedEditorAssemblies (766ms)
			LogAssemblyErrors (0ms)
			InitializePlatformSupportModulesInManaged (7ms)
			SetLoadedEditorAssemblies (5ms)
			RefreshPlugins (0ms)
			BeforeProcessingInitializeOnLoad (125ms)
			ProcessInitializeOnLoadAttributes (563ms)
			ProcessInitializeOnLoadMethodAttributes (55ms)
			AfterProcessingInitializeOnLoad (11ms)
			EditorAssembliesLoaded (0ms)
		ExecutionOrderSort2 (0ms)
		AwakeInstancesAfterBackupRestoration (5ms)
Shader 'MoreMountains/MMRipple': fallback shader 'Particle/AlphaBlended' not found
Launched and connected shader compiler UnityShaderCompiler.exe after 0.04 seconds
Refreshing native plugins compatible for Editor in 5.10 ms, found 3 plugins.
Preloading 0 native plugins for Editor in 0.00 ms.
Unloading 6141 Unused Serialized files (Serialized files now loaded: 0)
Unloading 71 unused Assets / (320.9 KB). Loaded Objects now: 6622.
Memory consumption went from 333.2 MB to 332.9 MB.
Total: 3.360700 ms (FindLiveObjects: 0.425600 ms CreateObjectMapping: 0.457500 ms MarkObjects: 2.373600 ms  DeleteObjects: 0.103500 ms)

AssetImportParameters requested are different than current active one (requested -> active):
  custom:container-demuxer-ogg: 62fdf1f143b41e24485cea50d1cbac27 -> 
  custom:video-decoder-ogg-theora: a1e56fd34408186e4bbccfd4996cb3dc -> 
  custom:framework-win-MediaFoundation: 216162199b28c13a410421893ffa2e32 -> 
  custom:CustomObjectIndexerAttribute: a3ef5dd2817f97addfee359851a9dba5 -> 
  custom:container-demuxer-webm: 4f35f7cbe854078d1ac9338744f61a02 -> 
  custom:container-muxer-webm: aa71ff27fc2769a1b78a27578f13a17b -> 
  custom:video-decoder-webm-vp8: 9c59270c3fd7afecdb556c50c9e8de78 -> 
  custom:SearchIndexIgnoredProperties: e643bd26f0fe6173181afceb89e7c659 -> 
  custom:AudioImporter_EditorPlatform: d09bf68614088b80899f8185d706f6e7 -> 
  custom:video-encoder-webm-vp8: eb34c28f22e8b96e1ab97ce403110664 -> 
  custom:audio-decoder-ogg-vorbis: bf7c407c2cedff20999df2af8eb42d56 -> 
  custom:audio-encoder-webm-vorbis: bf7c407c2cedff20999df2af8eb42d56 -> 
========================================================================
Received Import Request.
  Time since last request: 613530.831081 seconds.
  path: Assets/MiocrogameSDK/ContextExample/New Microgame Library.asset
  artifactKey: Guid(6fe2950d2229f19458578b59d49f88b4) Importer(815301076,1909f56bfc062723c751e8b465ee728b)
Start importing Assets/MiocrogameSDK/ContextExample/New Microgame Library.asset using Guid(6fe2950d2229f19458578b59d49f88b4) Importer(815301076,1909f56bfc062723c751e8b465ee728b)  -> (artifact id: '82f91b2dba73ff5ed46573c4b7f1c750') in 0.013827 seconds
Number of updated asset objects reloaded before import = 0
Number of asset objects unloaded after import = 6
========================================================================
Received Import Request.
  Time since last request: 21.713575 seconds.
  path: Assets/Help Balloon Man Out Of Spike World/Help Balloon Man Out of Spike World.asset
  artifactKey: Guid(3eb97b2c46075764f9622cdfe0a5b4a5) Importer(815301076,1909f56bfc062723c751e8b465ee728b)
Start importing Assets/Help Balloon Man Out Of Spike World/Help Balloon Man Out of Spike World.asset using Guid(3eb97b2c46075764f9622cdfe0a5b4a5) Importer(815301076,1909f56bfc062723c751e8b465ee728b)  -> (artifact id: '70ab0ab8cfcf6d691e5100918eb78900') in 0.000996 seconds
Number of updated asset objects reloaded before import = 0
Number of asset objects unloaded after import = 1
========================================================================
Received Import Request.
  Time since last request: 10.473636 seconds.
  path: Assets/Help Balloon Man Out Of Spike World/Help Balloon Man Out of Spike World.asset
  artifactKey: Guid(3eb97b2c46075764f9622cdfe0a5b4a5) Importer(815301076,1909f56bfc062723c751e8b465ee728b)
Start importing Assets/Help Balloon Man Out Of Spike World/Help Balloon Man Out of Spike World.asset using Guid(3eb97b2c46075764f9622cdfe0a5b4a5) Importer(815301076,1909f56bfc062723c751e8b465ee728b)  -> (artifact id: '98c7581615da958434c55e46b3a5eac9') in 0.000992 seconds
Number of updated asset objects reloaded before import = 0
Number of asset objects unloaded after import = 1
========================================================================
Received Prepare
Begin MonoManager ReloadAssembly
- Loaded All Assemblies, in  0.532 seconds
Refreshing native plugins compatible for Editor in 5.12 ms, found 3 plugins.
Native extension for WindowsStandalone target not found
[Package Manager] Server::EnsureServerProcessIsRunning -- launch failed, reason: Unity was launched with the -noUpm command-line argument
[Package Manager] UpmClient::Send -- Unable to send message (not connected to UPM process).
[Package Manager] Cannot connect to Unity Package Manager local server
Mono: successfully reloaded assembly
- Finished resetting the current domain, in  1.537 seconds
Domain Reload Profiling: 2063ms
	BeginReloadAssembly (155ms)
		ExecutionOrderSort (0ms)
		DisableScriptedObjects (4ms)
		BackupInstance (0ms)
		ReleaseScriptingObjects (0ms)
		CreateAndSetChildDomain (35ms)
	RebuildCommonClasses (35ms)
	RebuildNativeTypeToScriptingClass (12ms)
	initialDomainReloadingComplete (36ms)
	LoadAllAssembliesAndSetupDomain (287ms)
		LoadAssemblies (339ms)
		RebuildTransferFunctionScriptingTraits (0ms)
		AnalyzeDomain (31ms)
			TypeCache.Refresh (7ms)
				TypeCache.ScanAssembly (0ms)
			ScanForSourceGeneratedMonoScriptInfo (0ms)
			ResolveRequiredComponents (23ms)
	FinalizeReload (1538ms)
		ReleaseScriptCaches (0ms)
		RebuildScriptCaches (0ms)
		SetupLoadedEditorAssemblies (768ms)
			LogAssemblyErrors (0ms)
			InitializePlatformSupportModulesInManaged (11ms)
			SetLoadedEditorAssemblies (4ms)
			RefreshPlugins (0ms)
			BeforeProcessingInitializeOnLoad (140ms)
			ProcessInitializeOnLoadAttributes (545ms)
			ProcessInitializeOnLoadMethodAttributes (55ms)
			AfterProcessingInitializeOnLoad (11ms)
			EditorAssembliesLoaded (1ms)
		ExecutionOrderSort2 (0ms)
		AwakeInstancesAfterBackupRestoration (16ms)
Shader 'MoreMountains/MMRipple': fallback shader 'Particle/AlphaBlended' not found
Refreshing native plugins compatible for Editor in 5.18 ms, found 3 plugins.
Preloading 0 native plugins for Editor in 0.00 ms.
Unloading 5959 Unused Serialized files (Serialized files now loaded: 0)
Unloading 41 unused Assets / (319.1 KB). Loaded Objects now: 6627.
Memory consumption went from 302.1 MB to 301.8 MB.
Total: 3.669600 ms (FindLiveObjects: 0.511200 ms CreateObjectMapping: 0.501000 ms MarkObjects: 2.549700 ms  DeleteObjects: 0.107000 ms)

Prepare: number of updated asset objects reloaded= 0
AssetImportParameters requested are different than current active one (requested -> active):
  custom:container-demuxer-ogg: 62fdf1f143b41e24485cea50d1cbac27 -> 
  custom:video-decoder-ogg-theora: a1e56fd34408186e4bbccfd4996cb3dc -> 
  custom:framework-win-MediaFoundation: 216162199b28c13a410421893ffa2e32 -> 
  custom:CustomObjectIndexerAttribute: a3ef5dd2817f97addfee359851a9dba5 -> 
  custom:container-demuxer-webm: 4f35f7cbe854078d1ac9338744f61a02 -> 
  custom:container-muxer-webm: aa71ff27fc2769a1b78a27578f13a17b -> 
  custom:video-decoder-webm-vp8: 9c59270c3fd7afecdb556c50c9e8de78 -> 
  custom:SearchIndexIgnoredProperties: e643bd26f0fe6173181afceb89e7c659 -> 
  custom:AudioImporter_EditorPlatform: d09bf68614088b80899f8185d706f6e7 -> 
  custom:video-encoder-webm-vp8: eb34c28f22e8b96e1ab97ce403110664 -> 
  custom:audio-decoder-ogg-vorbis: bf7c407c2cedff20999df2af8eb42d56 -> 
  custom:audio-encoder-webm-vorbis: bf7c407c2cedff20999df2af8eb42d56 -> 
========================================================================
Received Import Request.
  Time since last request: 123.311905 seconds.
  path: Assets/Help Balloon Man Out Of Spike World/BalloonMan.unity
  artifactKey: Guid(89563c3ad4a1c40489aef2fce5ae10c5) Importer(815301076,1909f56bfc062723c751e8b465ee728b)
Start importing Assets/Help Balloon Man Out Of Spike World/BalloonMan.unity using Guid(89563c3ad4a1c40489aef2fce5ae10c5) Importer(815301076,1909f56bfc062723c751e8b465ee728b)  -> (artifact id: 'ededc0347103e02bab68b6ee5fc1386a') in 0.006366 seconds
Number of updated asset objects reloaded before import = 0
Number of asset objects unloaded after import = 0
========================================================================
Received Prepare
Begin MonoManager ReloadAssembly
- Loaded All Assemblies, in  0.532 seconds
Refreshing native plugins compatible for Editor in 5.23 ms, found 3 plugins.
Native extension for WindowsStandalone target not found
[Package Manager] Server::EnsureServerProcessIsRunning -- launch failed, reason: Unity was launched with the -noUpm command-line argument
[Package Manager] UpmClient::Send -- Unable to send message (not connected to UPM process).
[Package Manager] Cannot connect to Unity Package Manager local server
Mono: successfully reloaded assembly
- Finished resetting the current domain, in  1.548 seconds
Domain Reload Profiling: 2074ms
	BeginReloadAssembly (161ms)
		ExecutionOrderSort (0ms)
		DisableScriptedObjects (4ms)
		BackupInstance (0ms)
		ReleaseScriptingObjects (0ms)
		CreateAndSetChildDomain (36ms)
	RebuildCommonClasses (31ms)
	RebuildNativeTypeToScriptingClass (12ms)
	initialDomainReloadingComplete (34ms)
	LoadAllAssembliesAndSetupDomain (288ms)
		LoadAssemblies (350ms)
		RebuildTransferFunctionScriptingTraits (0ms)
		AnalyzeDomain (26ms)
			TypeCache.Refresh (7ms)
				TypeCache.ScanAssembly (0ms)
			ScanForSourceGeneratedMonoScriptInfo (0ms)
			ResolveRequiredComponents (18ms)
	FinalizeReload (1548ms)
		ReleaseScriptCaches (0ms)
		RebuildScriptCaches (0ms)
		SetupLoadedEditorAssemblies (780ms)
			LogAssemblyErrors (0ms)
			InitializePlatformSupportModulesInManaged (8ms)
			SetLoadedEditorAssemblies (5ms)
			RefreshPlugins (0ms)
			BeforeProcessingInitializeOnLoad (146ms)
			ProcessInitializeOnLoadAttributes (551ms)
			ProcessInitializeOnLoadMethodAttributes (58ms)
			AfterProcessingInitializeOnLoad (11ms)
			EditorAssembliesLoaded (1ms)
		ExecutionOrderSort2 (0ms)
		AwakeInstancesAfterBackupRestoration (15ms)
Shader 'MoreMountains/MMRipple': fallback shader 'Particle/AlphaBlended' not found
Refreshing native plugins compatible for Editor in 5.52 ms, found 3 plugins.
Preloading 0 native plugins for Editor in 0.00 ms.
Unloading 5959 Unused Serialized files (Serialized files now loaded: 0)
Unloading 41 unused Assets / (319.2 KB). Loaded Objects now: 6631.
Memory consumption went from 304.0 MB to 303.7 MB.
Total: 3.861100 ms (FindLiveObjects: 0.428700 ms CreateObjectMapping: 0.607800 ms MarkObjects: 2.721700 ms  DeleteObjects: 0.101900 ms)

Prepare: number of updated asset objects reloaded= 0
AssetImportParameters requested are different than current active one (requested -> active):
  custom:container-demuxer-ogg: 62fdf1f143b41e24485cea50d1cbac27 -> 
  custom:video-decoder-ogg-theora: a1e56fd34408186e4bbccfd4996cb3dc -> 
  custom:framework-win-MediaFoundation: 216162199b28c13a410421893ffa2e32 -> 
  custom:CustomObjectIndexerAttribute: a3ef5dd2817f97addfee359851a9dba5 -> 
  custom:container-demuxer-webm: 4f35f7cbe854078d1ac9338744f61a02 -> 
  custom:container-muxer-webm: aa71ff27fc2769a1b78a27578f13a17b -> 
  custom:video-decoder-webm-vp8: 9c59270c3fd7afecdb556c50c9e8de78 -> 
  custom:SearchIndexIgnoredProperties: e643bd26f0fe6173181afceb89e7c659 -> 
  custom:AudioImporter_EditorPlatform: d09bf68614088b80899f8185d706f6e7 -> 
  custom:video-encoder-webm-vp8: eb34c28f22e8b96e1ab97ce403110664 -> 
  custom:audio-decoder-ogg-vorbis: bf7c407c2cedff20999df2af8eb42d56 -> 
  custom:audio-encoder-webm-vorbis: bf7c407c2cedff20999df2af8eb42d56 -> 
========================================================================
Received Prepare
Begin MonoManager ReloadAssembly
- Loaded All Assemblies, in  0.551 seconds
Refreshing native plugins compatible for Editor in 5.31 ms, found 3 plugins.
Native extension for WindowsStandalone target not found
[Package Manager] Server::EnsureServerProcessIsRunning -- launch failed, reason: Unity was launched with the -noUpm command-line argument
[Package Manager] UpmClient::Send -- Unable to send message (not connected to UPM process).
[Package Manager] Cannot connect to Unity Package Manager local server
Mono: successfully reloaded assembly
- Finished resetting the current domain, in  1.545 seconds
Domain Reload Profiling: 2090ms
	BeginReloadAssembly (168ms)
		ExecutionOrderSort (0ms)
		DisableScriptedObjects (4ms)
		BackupInstance (0ms)
		ReleaseScriptingObjects (0ms)
		CreateAndSetChildDomain (41ms)
	RebuildCommonClasses (31ms)
	RebuildNativeTypeToScriptingClass (11ms)
	initialDomainReloadingComplete (34ms)
	LoadAllAssembliesAndSetupDomain (301ms)
		LoadAssemblies (364ms)
		RebuildTransferFunctionScriptingTraits (0ms)
		AnalyzeDomain (26ms)
			TypeCache.Refresh (6ms)
				TypeCache.ScanAssembly (0ms)
			ScanForSourceGeneratedMonoScriptInfo (0ms)
			ResolveRequiredComponents (19ms)
	FinalizeReload (1546ms)
		ReleaseScriptCaches (0ms)
		RebuildScriptCaches (0ms)
		SetupLoadedEditorAssemblies (772ms)
			LogAssemblyErrors (0ms)
			InitializePlatformSupportModulesInManaged (9ms)
			SetLoadedEditorAssemblies (5ms)
			RefreshPlugins (0ms)
			BeforeProcessingInitializeOnLoad (140ms)
			ProcessInitializeOnLoadAttributes (547ms)
			ProcessInitializeOnLoadMethodAttributes (60ms)
			AfterProcessingInitializeOnLoad (12ms)
			EditorAssembliesLoaded (1ms)
		ExecutionOrderSort2 (0ms)
		AwakeInstancesAfterBackupRestoration (16ms)
Shader 'MoreMountains/MMRipple': fallback shader 'Particle/AlphaBlended' not found
Refreshing native plugins compatible for Editor in 5.28 ms, found 3 plugins.
Preloading 0 native plugins for Editor in 0.00 ms.
Unloading 5959 Unused Serialized files (Serialized files now loaded: 0)
Unloading 41 unused Assets / (319.2 KB). Loaded Objects now: 6635.
Memory consumption went from 305.9 MB to 305.6 MB.
Total: 3.716200 ms (FindLiveObjects: 0.507000 ms CreateObjectMapping: 0.501400 ms MarkObjects: 2.610000 ms  DeleteObjects: 0.097300 ms)

Prepare: number of updated asset objects reloaded= 0
AssetImportParameters requested are different than current active one (requested -> active):
  custom:container-demuxer-ogg: 62fdf1f143b41e24485cea50d1cbac27 -> 
  custom:video-decoder-ogg-theora: a1e56fd34408186e4bbccfd4996cb3dc -> 
  custom:framework-win-MediaFoundation: 216162199b28c13a410421893ffa2e32 -> 
  custom:CustomObjectIndexerAttribute: a3ef5dd2817f97addfee359851a9dba5 -> 
  custom:container-demuxer-webm: 4f35f7cbe854078d1ac9338744f61a02 -> 
  custom:container-muxer-webm: aa71ff27fc2769a1b78a27578f13a17b -> 
  custom:video-decoder-webm-vp8: 9c59270c3fd7afecdb556c50c9e8de78 -> 
  custom:SearchIndexIgnoredProperties: e643bd26f0fe6173181afceb89e7c659 -> 
  custom:AudioImporter_EditorPlatform: d09bf68614088b80899f8185d706f6e7 -> 
  custom:video-encoder-webm-vp8: eb34c28f22e8b96e1ab97ce403110664 -> 
  custom:audio-decoder-ogg-vorbis: bf7c407c2cedff20999df2af8eb42d56 -> 
  custom:audio-encoder-webm-vorbis: bf7c407c2cedff20999df2af8eb42d56 -> 
========================================================================
Received Prepare
Begin MonoManager ReloadAssembly
- Loaded All Assemblies, in  0.609 seconds
Refreshing native plugins compatible for Editor in 5.48 ms, found 3 plugins.
Native extension for WindowsStandalone target not found
[Package Manager] Server::EnsureServerProcessIsRunning -- launch failed, reason: Unity was launched with the -noUpm command-line argument
[Package Manager] UpmClient::Send -- Unable to send message (not connected to UPM process).
[Package Manager] Cannot connect to Unity Package Manager local server
Mono: successfully reloaded assembly
- Finished resetting the current domain, in  1.577 seconds
Domain Reload Profiling: 2180ms
	BeginReloadAssembly (174ms)
		ExecutionOrderSort (0ms)
		DisableScriptedObjects (6ms)
		BackupInstance (0ms)
		ReleaseScriptingObjects (0ms)
		CreateAndSetChildDomain (39ms)
	RebuildCommonClasses (35ms)
	RebuildNativeTypeToScriptingClass (11ms)
	initialDomainReloadingComplete (42ms)
	LoadAllAssembliesAndSetupDomain (341ms)
		LoadAssemblies (375ms)
		RebuildTransferFunctionScriptingTraits (0ms)
		AnalyzeDomain (57ms)
			TypeCache.Refresh (11ms)
				TypeCache.ScanAssembly (1ms)
			ScanForSourceGeneratedMonoScriptInfo (27ms)
			ResolveRequiredComponents (19ms)
	FinalizeReload (1577ms)
		ReleaseScriptCaches (0ms)
		RebuildScriptCaches (0ms)
		SetupLoadedEditorAssemblies (776ms)
			LogAssemblyErrors (0ms)
			InitializePlatformSupportModulesInManaged (9ms)
			SetLoadedEditorAssemblies (4ms)
			RefreshPlugins (0ms)
			BeforeProcessingInitializeOnLoad (142ms)
			ProcessInitializeOnLoadAttributes (554ms)
			ProcessInitializeOnLoadMethodAttributes (54ms)
			AfterProcessingInitializeOnLoad (13ms)
			EditorAssembliesLoaded (1ms)
		ExecutionOrderSort2 (0ms)
		AwakeInstancesAfterBackupRestoration (15ms)
Shader 'MoreMountains/MMRipple': fallback shader 'Particle/AlphaBlended' not found
Refreshing native plugins compatible for Editor in 6.27 ms, found 3 plugins.
Preloading 0 native plugins for Editor in 0.00 ms.
Unloading 5959 Unused Serialized files (Serialized files now loaded: 0)
Unloading 41 unused Assets / (319.3 KB). Loaded Objects now: 6639.
Memory consumption went from 307.9 MB to 307.6 MB.
Total: 4.204500 ms (FindLiveObjects: 0.424900 ms CreateObjectMapping: 0.601800 ms MarkObjects: 3.053300 ms  DeleteObjects: 0.124000 ms)

Prepare: number of updated asset objects reloaded= 0
AssetImportParameters requested are different than current active one (requested -> active):
  custom:container-demuxer-ogg: 62fdf1f143b41e24485cea50d1cbac27 -> 
  custom:video-decoder-ogg-theora: a1e56fd34408186e4bbccfd4996cb3dc -> 
  custom:framework-win-MediaFoundation: 216162199b28c13a410421893ffa2e32 -> 
  custom:CustomObjectIndexerAttribute: a3ef5dd2817f97addfee359851a9dba5 -> 
  custom:container-demuxer-webm: 4f35f7cbe854078d1ac9338744f61a02 -> 
  custom:container-muxer-webm: aa71ff27fc2769a1b78a27578f13a17b -> 
  custom:video-decoder-webm-vp8: 9c59270c3fd7afecdb556c50c9e8de78 -> 
  custom:SearchIndexIgnoredProperties: e643bd26f0fe6173181afceb89e7c659 -> 
  custom:AudioImporter_EditorPlatform: d09bf68614088b80899f8185d706f6e7 -> 
  custom:video-encoder-webm-vp8: eb34c28f22e8b96e1ab97ce403110664 -> 
  custom:audio-decoder-ogg-vorbis: bf7c407c2cedff20999df2af8eb42d56 -> 
  custom:audio-encoder-webm-vorbis: bf7c407c2cedff20999df2af8eb42d56 -> 
========================================================================
Received Import Request.
  Time since last request: 263.145014 seconds.
  path: Assets/MiocrogameSDK/Assets/Microgames/Help Balloon Man Out Of Spike World/BalloonMan.unity
  artifactKey: Guid(89563c3ad4a1c40489aef2fce5ae10c5) Importer(815301076,1909f56bfc062723c751e8b465ee728b)
Start importing Assets/MiocrogameSDK/Assets/Microgames/Help Balloon Man Out Of Spike World/BalloonMan.unity using Guid(89563c3ad4a1c40489aef2fce5ae10c5) Importer(815301076,1909f56bfc062723c751e8b465ee728b)  -> (artifact id: '453866d9e21a8dbf8f633b0fe9398cb1') in 0.001553 seconds
Number of updated asset objects reloaded before import = 0
Number of asset objects unloaded after import = 0
========================================================================
Received Import Request.
  Time since last request: 87.338708 seconds.
  path: Assets/MiocrogameSDK/Assets/Microgames/Help Balloon Man Out Of Spike World/Help Balloon Man Out of Spike World.asset
  artifactKey: Guid(3eb97b2c46075764f9622cdfe0a5b4a5) Importer(815301076,1909f56bfc062723c751e8b465ee728b)
Start importing Assets/MiocrogameSDK/Assets/Microgames/Help Balloon Man Out Of Spike World/Help Balloon Man Out of Spike World.asset using Guid(3eb97b2c46075764f9622cdfe0a5b4a5) Importer(815301076,1909f56bfc062723c751e8b465ee728b)  -> (artifact id: 'f0896d6e8c57a1f13fa2b5a568ad5a83') in 0.009003 seconds
Number of updated asset objects reloaded before import = 0
Number of asset objects unloaded after import = 1
========================================================================
Received Import Request.
  Time since last request: 11.141381 seconds.
  path: Packages/com.unity.searcher/Editor/Resources/FlatSkin/Font/Roboto-Black.ttf
  artifactKey: Guid(1062c701058745940ae5dca6219c64c8) Importer(815301076,1909f56bfc062723c751e8b465ee728b)
Start importing Packages/com.unity.searcher/Editor/Resources/FlatSkin/Font/Roboto-Black.ttf using Guid(1062c701058745940ae5dca6219c64c8) Importer(815301076,1909f56bfc062723c751e8b465ee728b)  -> (artifact id: 'd065cba5f69eb87430ba0583838fdd17') in 0.314418 seconds
Number of updated asset objects reloaded before import = 0
Number of asset objects unloaded after import = 23
========================================================================
Received Import Request.
  Time since last request: 0.000026 seconds.
  path: Assets/MiocrogameSDK/Assets/Feel/MMTools/Tools/MMPrototypeTextures/MMBRP_Materials/MMBPR_LightGreyFrame.mat
  artifactKey: Guid(adc4603b7be471c479ef63c42f19aa72) Importer(815301076,1909f56bfc062723c751e8b465ee728b)
Start importing Assets/MiocrogameSDK/Assets/Feel/MMTools/Tools/MMPrototypeTextures/MMBRP_Materials/MMBPR_LightGreyFrame.mat using Guid(adc4603b7be471c479ef63c42f19aa72) Importer(815301076,1909f56bfc062723c751e8b465ee728b)  -> (artifact id: 'c8231303f69f931b8f3d0852e314cc82') in 0.048053 seconds
Number of updated asset objects reloaded before import = 0
Number of asset objects unloaded after import = 5
========================================================================
Received Import Request.
  Time since last request: 0.000022 seconds.
  path: Assets/MiocrogameSDK/Assets/TextMesh Pro/Resources/Fonts & Materials/LiberationSans SDF - Outline.mat
  artifactKey: Guid(79459efec17a4d00a321bdcc27bbc385) Importer(815301076,1909f56bfc062723c751e8b465ee728b)
Start importing Assets/MiocrogameSDK/Assets/TextMesh Pro/Resources/Fonts & Materials/LiberationSans SDF - Outline.mat using Guid(79459efec17a4d00a321bdcc27bbc385) Importer(815301076,1909f56bfc062723c751e8b465ee728b)  -> (artifact id: 'ffb00ae2f5307115a3ed6ddf70ed8e98') in 0.096785 seconds
Number of updated asset objects reloaded before import = 0
Number of asset objects unloaded after import = 3
========================================================================
Received Import Request.
  Time since last request: 0.000021 seconds.
  path: Assets/MiocrogameSDK/Assets/Feel/MMTools/Tools/MMPrototypeTextures/MMBRP_Materials/MMBPR_LightGreyDots.mat
  artifactKey: Guid(06b0ed03b4a01634c8b5eb55bc95df8d) Importer(815301076,1909f56bfc062723c751e8b465ee728b)
Start importing Assets/MiocrogameSDK/Assets/Feel/MMTools/Tools/MMPrototypeTextures/MMBRP_Materials/MMBPR_LightGreyDots.mat using Guid(06b0ed03b4a01634c8b5eb55bc95df8d) Importer(815301076,1909f56bfc062723c751e8b465ee728b)  -> (artifact id: 'd1452d44f814942b4c56da30c18d9dc4') in 0.024641 seconds
Number of updated asset objects reloaded before import = 0
Number of asset objects unloaded after import = 5
========================================================================
Received Import Request.
  Time since last request: 0.000022 seconds.
  path: Packages/com.unity.render-pipelines.universal/Shaders/FullscreenInvertColors.shadergraph
  artifactKey: Guid(fb6390f650ca44a5ba3246d8dda47927) Importer(815301076,1909f56bfc062723c751e8b465ee728b)
Start importing Packages/com.unity.render-pipelines.universal/Shaders/FullscreenInvertColors.shadergraph using Guid(fb6390f650ca44a5ba3246d8dda47927) Importer(815301076,1909f56bfc062723c751e8b465ee728b)  -> (artifact id: 'bdadbea0e6bdf86bc9b1709ad2ad5b8f') in 0.278750 seconds
Number of updated asset objects reloaded before import = 0
Number of asset objects unloaded after import = 3
========================================================================
Received Import Request.
  Time since last request: 0.000019 seconds.
  path: Assets/MiocrogameSDK/Assets/Microgames/Triangulate/Parts/GradientVector SDF.asset
  artifactKey: Guid(2b75bb3572416ef4fa7f61bf05209df3) Importer(815301076,1909f56bfc062723c751e8b465ee728b)
Start importing Assets/MiocrogameSDK/Assets/Microgames/Triangulate/Parts/GradientVector SDF.asset using Guid(2b75bb3572416ef4fa7f61bf05209df3) Importer(815301076,1909f56bfc062723c751e8b465ee728b)  -> (artifact id: '593741799248ee270d1ce43b29d44403') in 0.040431 seconds
Number of updated asset objects reloaded before import = 0
Number of asset objects unloaded after import = 7
========================================================================
Received Import Request.
  Time since last request: 0.000025 seconds.
  path: Assets/MiocrogameSDK/Assets/Feel/MMTools/Tools/MMPrototypeTextures/MMBRP_Materials/MMBPR_GreenCrosses.mat
  artifactKey: Guid(467db2a28dc1c6a45b450dc6d124de59) Importer(815301076,1909f56bfc062723c751e8b465ee728b)
Start importing Assets/MiocrogameSDK/Assets/Feel/MMTools/Tools/MMPrototypeTextures/MMBRP_Materials/MMBPR_GreenCrosses.mat using Guid(467db2a28dc1c6a45b450dc6d124de59) Importer(815301076,1909f56bfc062723c751e8b465ee728b)  -> (artifact id: '9ac656ae3c9e567f2dc8bedc6c812f63') in 0.022932 seconds
Number of updated asset objects reloaded before import = 0
Number of asset objects unloaded after import = 5
========================================================================
Received Import Request.
  Time since last request: 0.000022 seconds.
  path: Assets/MiocrogameSDK/Assets/Feel/MMTools/Tools/MMPrototypeTextures/MMBRP_Materials/MMBPR_DarkGreyCrosses.mat
  artifactKey: Guid(2a42e638cd366184aad3203b2732b2e2) Importer(815301076,1909f56bfc062723c751e8b465ee728b)
Start importing Assets/MiocrogameSDK/Assets/Feel/MMTools/Tools/MMPrototypeTextures/MMBRP_Materials/MMBPR_DarkGreyCrosses.mat using Guid(2a42e638cd366184aad3203b2732b2e2) Importer(815301076,1909f56bfc062723c751e8b465ee728b)  -> (artifact id: '88b6d5c35dcbf53ac87b0dedf22d6888') in 0.026690 seconds
Number of updated asset objects reloaded before import = 0
Number of asset objects unloaded after import = 5
========================================================================
Received Import Request.
  Time since last request: 0.000024 seconds.
  path: Assets/MiocrogameSDK/Assets/Microgames/FlyingMicrogame/Your Materials/InsideCheckpoint.mat
  artifactKey: Guid(6360d2b44c65e594da3b451777d87597) Importer(815301076,1909f56bfc062723c751e8b465ee728b)
Start importing Assets/MiocrogameSDK/Assets/Microgames/FlyingMicrogame/Your Materials/InsideCheckpoint.mat using Guid(6360d2b44c65e594da3b451777d87597) Importer(815301076,1909f56bfc062723c751e8b465ee728b)  -> (artifact id: '86e42d2fb70442b778cfa214d59a8eeb') in 1.026557 seconds
Number of updated asset objects reloaded before import = 0
Number of asset objects unloaded after import = 2
========================================================================
Received Import Request.
  Time since last request: 0.000024 seconds.
  path: Assets/MiocrogameSDK/Assets/Feel/MMTools/Tools/MMPrototypeTextures/MMBRP_Materials/MMBPR_DarkGreyFrame.mat
  artifactKey: Guid(13516cfdf366d2542bc2fa983b6f803a) Importer(815301076,1909f56bfc062723c751e8b465ee728b)
Start importing Assets/MiocrogameSDK/Assets/Feel/MMTools/Tools/MMPrototypeTextures/MMBRP_Materials/MMBPR_DarkGreyFrame.mat using Guid(13516cfdf366d2542bc2fa983b6f803a) Importer(815301076,1909f56bfc062723c751e8b465ee728b)  -> (artifact id: 'ff5870c664d15fd806c78da81d6a87e0') in 0.021282 seconds
Number of updated asset objects reloaded before import = 0
Number of asset objects unloaded after import = 5
========================================================================
Received Import Request.
  Time since last request: 0.000034 seconds.
  path: Assets/MiocrogameSDK/Assets/Feel/MMTools/Tools/MMPrototypeTextures/MMBRP_Materials/MMBPR_RedCrosses.mat
  artifactKey: Guid(816fe783c3103644790f46de0cbeb161) Importer(815301076,1909f56bfc062723c751e8b465ee728b)
Start importing Assets/MiocrogameSDK/Assets/Feel/MMTools/Tools/MMPrototypeTextures/MMBRP_Materials/MMBPR_RedCrosses.mat using Guid(816fe783c3103644790f46de0cbeb161) Importer(815301076,1909f56bfc062723c751e8b465ee728b)  -> (artifact id: 'f844399af65b90b5f1fe7a960936df8a') in 0.026215 seconds
Number of updated asset objects reloaded before import = 0
Number of asset objects unloaded after import = 5
========================================================================
Received Import Request.
  Time since last request: 0.001155 seconds.
  path: Assets/MiocrogameSDK/Assets/Feel/MMTools/Tools/MMPrototypeTextures/MMBRP_Materials/MMBPR_YellowCrosses.mat
  artifactKey: Guid(d642a4ab722ef8a46af4d261e5227b0c) Importer(815301076,1909f56bfc062723c751e8b465ee728b)
Start importing Assets/MiocrogameSDK/Assets/Feel/MMTools/Tools/MMPrototypeTextures/MMBRP_Materials/MMBPR_YellowCrosses.mat using Guid(d642a4ab722ef8a46af4d261e5227b0c) Importer(815301076,1909f56bfc062723c751e8b465ee728b)  -> (artifact id: 'f256d0f5846db74a0c6a343d1e01a171') in 0.023727 seconds
Number of updated asset objects reloaded before import = 0
Number of asset objects unloaded after import = 5
========================================================================
Received Import Request.
  Time since last request: 0.000018 seconds.
  path: Assets/MiocrogameSDK/Assets/Microgames/FlyingMicrogame/Your Materials/Ground.mat
  artifactKey: Guid(2bb4bfad40e42f340aea50c8fb9b2e7e) Importer(815301076,1909f56bfc062723c751e8b465ee728b)
Start importing Assets/MiocrogameSDK/Assets/Microgames/FlyingMicrogame/Your Materials/Ground.mat using Guid(2bb4bfad40e42f340aea50c8fb9b2e7e) Importer(815301076,1909f56bfc062723c751e8b465ee728b)  -> (artifact id: 'ff480a1c84f6bc481b85e678f72f0d63') in 0.022062 seconds
Number of updated asset objects reloaded before import = 0
Number of asset objects unloaded after import = 2
========================================================================
Received Import Request.
  Time since last request: 0.000019 seconds.
  path: Assets/MiocrogameSDK/Assets/TextMesh Pro/Resources/Fonts & Materials/LiberationSans SDF.asset
  artifactKey: Guid(8f586378b4e144a9851e7b34d9b748ee) Importer(815301076,1909f56bfc062723c751e8b465ee728b)
Start importing Assets/MiocrogameSDK/Assets/TextMesh Pro/Resources/Fonts & Materials/LiberationSans SDF.asset using Guid(8f586378b4e144a9851e7b34d9b748ee) Importer(815301076,1909f56bfc062723c751e8b465ee728b)  -> (artifact id: 'c43dcb216f856860324bbc2775bc4c52') in 0.047751 seconds
Number of updated asset objects reloaded before import = 0
Number of asset objects unloaded after import = 10
========================================================================
Received Import Request.
  Time since last request: 0.000019 seconds.
  path: Packages/com.unity.render-pipelines.universal/Runtime/Materials/FullscreenInvertColors.mat
  artifactKey: Guid(78a08787ca30045abb69f6f7dd878e09) Importer(815301076,1909f56bfc062723c751e8b465ee728b)
Start importing Packages/com.unity.render-pipelines.universal/Runtime/Materials/FullscreenInvertColors.mat using Guid(78a08787ca30045abb69f6f7dd878e09) Importer(815301076,1909f56bfc062723c751e8b465ee728b)  -> (artifact id: 'cff09f569f60954425e8fa1630d97cd7') in 0.020569 seconds
Number of updated asset objects reloaded before import = 0
Number of asset objects unloaded after import = 3
========================================================================
Received Import Request.
  Time since last request: 0.000022 seconds.
  path: Assets/MiocrogameSDK/Assets/Feel/MMTools/Tools/MMPrototypeTextures/MMBRP_Materials/MMBPR_LightGreySquares.mat
  artifactKey: Guid(01d51756b98901e41956185e673e6f18) Importer(815301076,1909f56bfc062723c751e8b465ee728b)
Start importing Assets/MiocrogameSDK/Assets/Feel/MMTools/Tools/MMPrototypeTextures/MMBRP_Materials/MMBPR_LightGreySquares.mat using Guid(01d51756b98901e41956185e673e6f18) Importer(815301076,1909f56bfc062723c751e8b465ee728b)  -> (artifact id: '0081e7476fb1221066d460453e098b17') in 0.014153 seconds
Number of updated asset objects reloaded before import = 0
Number of asset objects unloaded after import = 5
========================================================================
Received Import Request.
  Time since last request: 0.000023 seconds.
  path: Assets/MiocrogameSDK/Assets/Microgames/Triangulate/Parts/GradientVector SDF Glow.asset
  artifactKey: Guid(4f6397f186e8d13468084e30a968125b) Importer(815301076,1909f56bfc062723c751e8b465ee728b)
Start importing Assets/MiocrogameSDK/Assets/Microgames/Triangulate/Parts/GradientVector SDF Glow.asset using Guid(4f6397f186e8d13468084e30a968125b) Importer(815301076,1909f56bfc062723c751e8b465ee728b)  -> (artifact id: '8f73d25f7bfa160cfd425613ea7f49f7') in 0.026264 seconds
Number of updated asset objects reloaded before import = 0
Number of asset objects unloaded after import = 7
========================================================================
Received Import Request.
  Time since last request: 0.000025 seconds.
  path: Assets/MiocrogameSDK/Assets/Feel/MMTools/Tools/MMPrototypeTextures/MMBRP_Materials/MMBPR_BlueFrame.mat
  artifactKey: Guid(e0e8a571ef6fce34890952889b35afda) Importer(815301076,1909f56bfc062723c751e8b465ee728b)
Start importing Assets/MiocrogameSDK/Assets/Feel/MMTools/Tools/MMPrototypeTextures/MMBRP_Materials/MMBPR_BlueFrame.mat using Guid(e0e8a571ef6fce34890952889b35afda) Importer(815301076,1909f56bfc062723c751e8b465ee728b)  -> (artifact id: '7516a78f19a8428d3eb70b9c4f9bb4ea') in 0.022736 seconds
Number of updated asset objects reloaded before import = 0
Number of asset objects unloaded after import = 5
========================================================================
Received Import Request.
  Time since last request: 0.000019 seconds.
  path: Assets/MiocrogameSDK/Assets/Feel/MMTools/Tools/MMPrototypeTextures/MMBRP_Materials/MMBPR_YellowDots.mat
  artifactKey: Guid(54ac4fc9dfd37074aab2e6bff0c2e6ca) Importer(815301076,1909f56bfc062723c751e8b465ee728b)
Start importing Assets/MiocrogameSDK/Assets/Feel/MMTools/Tools/MMPrototypeTextures/MMBRP_Materials/MMBPR_YellowDots.mat using Guid(54ac4fc9dfd37074aab2e6bff0c2e6ca) Importer(815301076,1909f56bfc062723c751e8b465ee728b)  -> (artifact id: '78ef7d3e4e07fbaff73a25b34228a8ed') in 0.021691 seconds
Number of updated asset objects reloaded before import = 0
Number of asset objects unloaded after import = 5
========================================================================
Received Import Request.
  Time since last request: 0.000019 seconds.
  path: Assets/MiocrogameSDK/Assets/Microgames/Germ Microgame/Sprites/GermParticle.shadergraph
  artifactKey: Guid(31a08393b125ba042a16ce651329b817) Importer(815301076,1909f56bfc062723c751e8b465ee728b)
Start importing Assets/MiocrogameSDK/Assets/Microgames/Germ Microgame/Sprites/GermParticle.shadergraph using Guid(31a08393b125ba042a16ce651329b817) Importer(815301076,1909f56bfc062723c751e8b465ee728b)  -> (artifact id: 'a28f57b33fdbba0416243ad29f923a21') in 0.029116 seconds
Number of updated asset objects reloaded before import = 0
Number of asset objects unloaded after import = 3
========================================================================
Received Import Request.
  Time since last request: 0.000026 seconds.
  path: Packages/com.unity.render-pipelines.universal/Runtime/Materials/Lit.mat
  artifactKey: Guid(31321ba15b8f8eb4c954353edc038b1d) Importer(815301076,1909f56bfc062723c751e8b465ee728b)
Start importing Packages/com.unity.render-pipelines.universal/Runtime/Materials/Lit.mat using Guid(31321ba15b8f8eb4c954353edc038b1d) Importer(815301076,1909f56bfc062723c751e8b465ee728b)  -> (artifact id: '344bb6620f0a070072fab150b0849d48') in 0.018984 seconds
Number of updated asset objects reloaded before import = 0
Number of asset objects unloaded after import = 1
========================================================================
Received Import Request.
  Time since last request: 0.000019 seconds.
  path: Assets/MiocrogameSDK/Assets/Feel/MMTools/Tools/MMPrototypeTextures/MMBRP_Materials/MMBPR_RedDots.mat
  artifactKey: Guid(40702ed620cf055428c35adf00a2c9b1) Importer(815301076,1909f56bfc062723c751e8b465ee728b)
Start importing Assets/MiocrogameSDK/Assets/Feel/MMTools/Tools/MMPrototypeTextures/MMBRP_Materials/MMBPR_RedDots.mat using Guid(40702ed620cf055428c35adf00a2c9b1) Importer(815301076,1909f56bfc062723c751e8b465ee728b)  -> (artifact id: '5965a90cce6f5d72beff4d8e68196b0b') in 0.021764 seconds
Number of updated asset objects reloaded before import = 0
Number of asset objects unloaded after import = 5
========================================================================
Received Import Request.
  Time since last request: 0.000024 seconds.
  path: Assets/MiocrogameSDK/Assets/Feel/MMTools/Tools/MMPrototypeTextures/MMBRP_Materials/MMBPR_RedFrame.mat
  artifactKey: Guid(959bef68856013d4da4cbe9176c989c0) Importer(815301076,1909f56bfc062723c751e8b465ee728b)
Start importing Assets/MiocrogameSDK/Assets/Feel/MMTools/Tools/MMPrototypeTextures/MMBRP_Materials/MMBPR_RedFrame.mat using Guid(959bef68856013d4da4cbe9176c989c0) Importer(815301076,1909f56bfc062723c751e8b465ee728b)  -> (artifact id: '9d41572add5494518b1d3febb3a91607') in 0.022091 seconds
Number of updated asset objects reloaded before import = 0
Number of asset objects unloaded after import = 5
========================================================================
Received Import Request.
  Time since last request: 0.000018 seconds.
  path: Assets/MiocrogameSDK/Assets/Feel/MMTools/Tools/MMPrototypeTextures/MMBRP_Materials/MMBPR_GreenDots.mat
  artifactKey: Guid(d19e7892e1d87fb4fb8433ec887fb8cc) Importer(815301076,1909f56bfc062723c751e8b465ee728b)
Start importing Assets/MiocrogameSDK/Assets/Feel/MMTools/Tools/MMPrototypeTextures/MMBRP_Materials/MMBPR_GreenDots.mat using Guid(d19e7892e1d87fb4fb8433ec887fb8cc) Importer(815301076,1909f56bfc062723c751e8b465ee728b)  -> (artifact id: 'dbf448e0914e12ea8db3688ea6feb289') in 0.020912 seconds
Number of updated asset objects reloaded before import = 0
Number of asset objects unloaded after import = 5
========================================================================
Received Import Request.
  Time since last request: 0.000020 seconds.
  path: Assets/MiocrogameSDK/Assets/Feel/MMTools/Tools/MMPrototypeTextures/MMBRP_Materials/MMBPR_GreenFrame.mat
  artifactKey: Guid(40ebbdf2c7a17d342843431f58d3e892) Importer(815301076,1909f56bfc062723c751e8b465ee728b)
Start importing Assets/MiocrogameSDK/Assets/Feel/MMTools/Tools/MMPrototypeTextures/MMBRP_Materials/MMBPR_GreenFrame.mat using Guid(40ebbdf2c7a17d342843431f58d3e892) Importer(815301076,1909f56bfc062723c751e8b465ee728b)  -> (artifact id: 'f460f053eba64f7add38c50e7fc08111') in 0.021480 seconds
Number of updated asset objects reloaded before import = 0
Number of asset objects unloaded after import = 5
========================================================================
Received Import Request.
  Time since last request: 0.000028 seconds.
  path: Packages/com.unity.searcher/Editor/Resources/FlatSkin/Font/Roboto-BoldItalic.ttf
  artifactKey: Guid(dfb97a9307a577a41bcacba34b9a7e32) Importer(815301076,1909f56bfc062723c751e8b465ee728b)
Start importing Packages/com.unity.searcher/Editor/Resources/FlatSkin/Font/Roboto-BoldItalic.ttf using Guid(dfb97a9307a577a41bcacba34b9a7e32) Importer(815301076,1909f56bfc062723c751e8b465ee728b)  -> (artifact id: '5e4af2dd921f56530b62fbc1cefe7aa8') in 0.015959 seconds
Number of updated asset objects reloaded before import = 0
Number of asset objects unloaded after import = 5
========================================================================
Received Import Request.
  Time since last request: 0.000019 seconds.
  path: Assets/MiocrogameSDK/Assets/Feel/MMTools/Tools/MMPrototypeTextures/MMBRP_Materials/MMBPR_DarkGreyDots.mat
  artifactKey: Guid(db11353047c997f46a4760754f00c788) Importer(815301076,1909f56bfc062723c751e8b465ee728b)
Start importing Assets/MiocrogameSDK/Assets/Feel/MMTools/Tools/MMPrototypeTextures/MMBRP_Materials/MMBPR_DarkGreyDots.mat using Guid(db11353047c997f46a4760754f00c788) Importer(815301076,1909f56bfc062723c751e8b465ee728b)  -> (artifact id: 'bd9346393fb56c6f3e9d537c6241a549') in 0.019812 seconds
Number of updated asset objects reloaded before import = 0
Number of asset objects unloaded after import = 5
========================================================================
Received Import Request.
  Time since last request: 0.000023 seconds.
  path: Assets/MiocrogameSDK/Assets/Feel/MMTools/Tools/MMPrototypeTextures/MMBRP_Materials/MMBPR_LightGreyCrosses.mat
  artifactKey: Guid(50ff9811d84ffeb42b11f0d57157a346) Importer(815301076,1909f56bfc062723c751e8b465ee728b)
Start importing Assets/MiocrogameSDK/Assets/Feel/MMTools/Tools/MMPrototypeTextures/MMBRP_Materials/MMBPR_LightGreyCrosses.mat using Guid(50ff9811d84ffeb42b11f0d57157a346) Importer(815301076,1909f56bfc062723c751e8b465ee728b)  -> (artifact id: '32cbeaee37a10ba627853b8f8dd856ac') in 0.021866 seconds
Number of updated asset objects reloaded before import = 0
Number of asset objects unloaded after import = 5
========================================================================
Received Import Request.
  Time since last request: 4.626672 seconds.
  path: Assets/MiocrogameSDK/Assets/Microgames/Triangulate/Parts/GradientVector.otf
  artifactKey: Guid(211bf0f1fd0254147af9975a1c6c0271) Importer(815301076,1909f56bfc062723c751e8b465ee728b)
Start importing Assets/MiocrogameSDK/Assets/Microgames/Triangulate/Parts/GradientVector.otf using Guid(211bf0f1fd0254147af9975a1c6c0271) Importer(815301076,1909f56bfc062723c751e8b465ee728b)  -> (artifact id: '1c57c265eeb7652ac2bb7bd75a5bbea4') in 0.015272 seconds
Number of updated asset objects reloaded before import = 0
Number of asset objects unloaded after import = 5
========================================================================
Received Import Request.
  Time since last request: 0.000022 seconds.
  path: Packages/com.unity.searcher/Editor/Resources/FlatSkin/Font/Roboto-Regular.ttf
  artifactKey: Guid(30dc370b164eefc43b95744fc796dad0) Importer(815301076,1909f56bfc062723c751e8b465ee728b)
Start importing Packages/com.unity.searcher/Editor/Resources/FlatSkin/Font/Roboto-Regular.ttf using Guid(30dc370b164eefc43b95744fc796dad0) Importer(815301076,1909f56bfc062723c751e8b465ee728b)  -> (artifact id: '59054250dac5603d1cecc091a645603c') in 0.016849 seconds
Number of updated asset objects reloaded before import = 0
Number of asset objects unloaded after import = 5
========================================================================
Received Import Request.
  Time since last request: 0.000019 seconds.
  path: Packages/com.unity.searcher/Editor/Resources/FlatSkin/Font/Roboto-Light.ttf
  artifactKey: Guid(2a29e27936eb547458f646f71125b264) Importer(815301076,1909f56bfc062723c751e8b465ee728b)
Start importing Packages/com.unity.searcher/Editor/Resources/FlatSkin/Font/Roboto-Light.ttf using Guid(2a29e27936eb547458f646f71125b264) Importer(815301076,1909f56bfc062723c751e8b465ee728b)  -> (artifact id: '83d0bfbff65441a647f796da4a46d76b') in 0.014874 seconds
Number of updated asset objects reloaded before import = 0
Number of asset objects unloaded after import = 5
========================================================================
Received Import Request.
  Time since last request: 31.542568 seconds.
  path: Assets/MiocrogameSDK/Assets/Microgames/EarthDefense/3D ExplosionTest/ExploParticles1 1.mat
  artifactKey: Guid(e40749bb594f54e419b9166cc86f8700) Importer(815301076,1909f56bfc062723c751e8b465ee728b)
Start importing Assets/MiocrogameSDK/Assets/Microgames/EarthDefense/3D ExplosionTest/ExploParticles1 1.mat using Guid(e40749bb594f54e419b9166cc86f8700) Importer(815301076,1909f56bfc062723c751e8b465ee728b)  -> (artifact id: '78ad45ceb4fe917a24333ad93f0d31e9') in 1.329426 seconds
Number of updated asset objects reloaded before import = 0
Number of asset objects unloaded after import = 3
========================================================================
Received Import Request.
  Time since last request: 0.000020 seconds.
  path: Assets/MiocrogameSDK/Assets/TextMesh Pro/Fonts/Bungee/Bungee-Regular SDF.asset
  artifactKey: Guid(0f0377569c2dd5d45bf48f8458cfa0ef) Importer(815301076,1909f56bfc062723c751e8b465ee728b)
Start importing Assets/MiocrogameSDK/Assets/TextMesh Pro/Fonts/Bungee/Bungee-Regular SDF.asset using Guid(0f0377569c2dd5d45bf48f8458cfa0ef) Importer(815301076,1909f56bfc062723c751e8b465ee728b)  -> (artifact id: '5fcd5ff0b84b33e7f8733b1fd51d6ccf') in 0.027509 seconds
Number of updated asset objects reloaded before import = 0
Number of asset objects unloaded after import = 7
========================================================================
Received Import Request.
  Time since last request: 0.000024 seconds.
  path: Packages/com.unity.render-pipelines.universal/Shaders/Decal.shadergraph
  artifactKey: Guid(9b4e681081e2b4c469111bb649e2f7ee) Importer(815301076,1909f56bfc062723c751e8b465ee728b)
Start importing Packages/com.unity.render-pipelines.universal/Shaders/Decal.shadergraph using Guid(9b4e681081e2b4c469111bb649e2f7ee) Importer(815301076,1909f56bfc062723c751e8b465ee728b)  -> (artifact id: '3992c983dd756cf7810f20bc791080e6') in 0.020773 seconds
Number of updated asset objects reloaded before import = 0
Number of asset objects unloaded after import = 2
Editor requested this worker to shutdown with reason: Scaling down because of idle timeout
TcpMessagingSession - receive error: operation aborted. errorcode: 995, details: The I/O operation has been aborted because of either a thread exit or an application request.
AssetImportWorker is now disconnected from the server
Process exiting
Exiting without the bug reporter. Application will terminate with return code 0