Using pre-set license
Built from '2022.3/staging' branch; Version is '2022.3.14f1 (eff2de9070d8) revision 15725278'; Using compiler version '192829333'; Build Type 'Release'
OS: 'Windows 10  (10.0.19041) 64bit Core' Language: 'en' Physical Memory: 32601 MB
BatchMode: 1, IsHumanControllingUs: 0, StartBugReporterOnCrash: 0, Is64bit: 1, IsPro: 1

COMMAND LINE ARGUMENTS:
C:\Program Files\Unity\Hub\Editor\2022.3.14f1\Editor\Unity.exe
-adb2
-batchMode
-noUpm
-name
AssetImportWorker2
-projectPath
C:/Users/joesu/OneDrive/Documents/GitHub/Microgame_Collab_-_11.22.24/Microgame Template
-logFile
Logs/AssetImportWorker2.log
-srvPort
51304
Successfully changed project path to: C:/Users/joesu/OneDrive/Documents/GitHub/Microgame_Collab_-_11.22.24/Microgame Template
C:/Users/joesu/OneDrive/Documents/GitHub/Microgame_Collab_-_11.22.24/Microgame Template
[UnityMemory] Configuration Parameters - Can be set up in boot.config
    "memorysetup-bucket-allocator-granularity=16"
    "memorysetup-bucket-allocator-bucket-count=8"
    "memorysetup-bucket-allocator-block-size=33554432"
    "memorysetup-bucket-allocator-block-count=8"
    "memorysetup-main-allocator-block-size=16777216"
    "memorysetup-thread-allocator-block-size=16777216"
    "memorysetup-gfx-main-allocator-block-size=16777216"
    "memorysetup-gfx-thread-allocator-block-size=16777216"
    "memorysetup-cache-allocator-block-size=4194304"
    "memorysetup-typetree-allocator-block-size=2097152"
    "memorysetup-profiler-bucket-allocator-granularity=16"
    "memorysetup-profiler-bucket-allocator-bucket-count=8"
    "memorysetup-profiler-bucket-allocator-block-size=33554432"
    "memorysetup-profiler-bucket-allocator-block-count=8"
    "memorysetup-profiler-allocator-block-size=16777216"
    "memorysetup-profiler-editor-allocator-block-size=1048576"
    "memorysetup-temp-allocator-size-main=16777216"
    "memorysetup-job-temp-allocator-block-size=2097152"
    "memorysetup-job-temp-allocator-block-size-background=1048576"
    "memorysetup-job-temp-allocator-reduction-small-platforms=262144"
    "memorysetup-allocator-temp-initial-block-size-main=262144"
    "memorysetup-allocator-temp-initial-block-size-worker=262144"
    "memorysetup-temp-allocator-size-background-worker=32768"
    "memorysetup-temp-allocator-size-job-worker=262144"
    "memorysetup-temp-allocator-size-preload-manager=33554432"
    "memorysetup-temp-allocator-size-nav-mesh-worker=65536"
    "memorysetup-temp-allocator-size-audio-worker=65536"
    "memorysetup-temp-allocator-size-cloud-worker=32768"
    "memorysetup-temp-allocator-size-gi-baking-worker=262144"
    "memorysetup-temp-allocator-size-gfx=262144"
Player connection [8716] Host "[IP] 192.168.1.12 [Port] 0 [Flags] 2 [Guid] 1322859146 [EditorId] 1322859146 [Version] 1048832 [Id] WindowsEditor(7,DESKTOP-BJ1HARC) [Debug] 1 [PackageName] WindowsEditor [ProjectName] Editor" joined multi-casting on [225.0.0.222:54997]...

Player connection [8716] Host "[IP] 192.168.1.12 [Port] 0 [Flags] 2 [Guid] 1322859146 [EditorId] 1322859146 [Version] 1048832 [Id] WindowsEditor(7,DESKTOP-BJ1HARC) [Debug] 1 [PackageName] WindowsEditor [ProjectName] Editor" joined alternative multi-casting on [225.0.0.222:34997]...

[Physics::Module] Initialized MultithreadedJobDispatcher with 15 workers.
Refreshing native plugins compatible for Editor in 12.30 ms, found 3 plugins.
Preloading 0 native plugins for Editor in 0.00 ms.
Initialize engine version: 2022.3.14f1 (eff2de9070d8)
[Subsystems] Discovering subsystems at path C:/Program Files/Unity/Hub/Editor/2022.3.14f1/Editor/Data/Resources/UnitySubsystems
[Subsystems] Discovering subsystems at path C:/Users/joesu/OneDrive/Documents/GitHub/Microgame_Collab_-_11.22.24/Microgame Template/Assets
GfxDevice: creating device client; threaded=0; jobified=0
Direct3D:
    Version:  Direct3D 11.0 [level 11.1]
    Renderer: NVIDIA GeForce RTX 3070 (ID=0x2484)
    Vendor:   NVIDIA
    VRAM:     8031 MB
    Driver:   31.0.15.3742
Shader 'MoreMountains/MMRipple': fallback shader 'Particle/AlphaBlended' not found
Initialize mono
Mono path[0] = 'C:/Program Files/Unity/Hub/Editor/2022.3.14f1/Editor/Data/Managed'
Mono path[1] = 'C:/Program Files/Unity/Hub/Editor/2022.3.14f1/Editor/Data/MonoBleedingEdge/lib/mono/unityjit-win32'
Mono config path = 'C:/Program Files/Unity/Hub/Editor/2022.3.14f1/Editor/Data/MonoBleedingEdge/etc'
Using monoOptions --debugger-agent=transport=dt_socket,embedding=1,server=y,suspend=n,address=127.0.0.1:56656
Begin MonoManager ReloadAssembly
Registering precompiled unity dll's ...
Register platform support module: C:/Program Files/Unity/Hub/Editor/2022.3.14f1/Editor/Data/PlaybackEngines/WindowsStandaloneSupport/UnityEditor.WindowsStandalone.Extensions.dll
Registered in 0.012338 seconds.
- Loaded All Assemblies, in  0.376 seconds
Native extension for WindowsStandalone target not found
Mono: successfully reloaded assembly
- Finished resetting the current domain, in  0.285 seconds
Domain Reload Profiling: 659ms
	BeginReloadAssembly (112ms)
		ExecutionOrderSort (0ms)
		DisableScriptedObjects (0ms)
		BackupInstance (0ms)
		ReleaseScriptingObjects (0ms)
		CreateAndSetChildDomain (1ms)
	RebuildCommonClasses (37ms)
	RebuildNativeTypeToScriptingClass (13ms)
	initialDomainReloadingComplete (68ms)
	LoadAllAssembliesAndSetupDomain (143ms)
		LoadAssemblies (109ms)
		RebuildTransferFunctionScriptingTraits (0ms)
		AnalyzeDomain (141ms)
			TypeCache.Refresh (140ms)
				TypeCache.ScanAssembly (126ms)
			ScanForSourceGeneratedMonoScriptInfo (0ms)
			ResolveRequiredComponents (1ms)
	FinalizeReload (286ms)
		ReleaseScriptCaches (0ms)
		RebuildScriptCaches (0ms)
		SetupLoadedEditorAssemblies (222ms)
			LogAssemblyErrors (0ms)
			InitializePlatformSupportModulesInManaged (12ms)
			SetLoadedEditorAssemblies (8ms)
			RefreshPlugins (0ms)
			BeforeProcessingInitializeOnLoad (2ms)
			ProcessInitializeOnLoadAttributes (145ms)
			ProcessInitializeOnLoadMethodAttributes (54ms)
			AfterProcessingInitializeOnLoad (0ms)
			EditorAssembliesLoaded (0ms)
		ExecutionOrderSort2 (0ms)
		AwakeInstancesAfterBackupRestoration (0ms)
========================================================================
Worker process is ready to serve import requests
Begin MonoManager ReloadAssembly
- Loaded All Assemblies, in  0.675 seconds
Refreshing native plugins compatible for Editor in 5.66 ms, found 3 plugins.
Native extension for WindowsStandalone target not found
Package Manager log level set to [2]
[Package Manager] Server::EnsureServerProcessIsRunning -- launch failed, reason: Unity was launched with the -noUpm command-line argument
[Package Manager] UpmClient::Send -- Unable to send message (not connected to UPM process).
[Package Manager] Cannot connect to Unity Package Manager local server
Mono: successfully reloaded assembly
- Finished resetting the current domain, in  0.990 seconds
Domain Reload Profiling: 1661ms
	BeginReloadAssembly (129ms)
		ExecutionOrderSort (0ms)
		DisableScriptedObjects (5ms)
		BackupInstance (0ms)
		ReleaseScriptingObjects (0ms)
		CreateAndSetChildDomain (17ms)
	RebuildCommonClasses (29ms)
	RebuildNativeTypeToScriptingClass (9ms)
	initialDomainReloadingComplete (39ms)
	LoadAllAssembliesAndSetupDomain (464ms)
		LoadAssemblies (333ms)
		RebuildTransferFunctionScriptingTraits (0ms)
		AnalyzeDomain (208ms)
			TypeCache.Refresh (165ms)
				TypeCache.ScanAssembly (150ms)
			ScanForSourceGeneratedMonoScriptInfo (24ms)
			ResolveRequiredComponents (18ms)
	FinalizeReload (990ms)
		ReleaseScriptCaches (0ms)
		RebuildScriptCaches (0ms)
		SetupLoadedEditorAssemblies (814ms)
			LogAssemblyErrors (0ms)
			InitializePlatformSupportModulesInManaged (7ms)
			SetLoadedEditorAssemblies (4ms)
			RefreshPlugins (0ms)
			BeforeProcessingInitializeOnLoad (131ms)
			ProcessInitializeOnLoadAttributes (600ms)
			ProcessInitializeOnLoadMethodAttributes (60ms)
			AfterProcessingInitializeOnLoad (11ms)
			EditorAssembliesLoaded (1ms)
		ExecutionOrderSort2 (0ms)
		AwakeInstancesAfterBackupRestoration (6ms)
Shader 'MoreMountains/MMRipple': fallback shader 'Particle/AlphaBlended' not found
Launched and connected shader compiler UnityShaderCompiler.exe after 0.03 seconds
Refreshing native plugins compatible for Editor in 5.18 ms, found 3 plugins.
Preloading 0 native plugins for Editor in 0.00 ms.
Unloading 6362 Unused Serialized files (Serialized files now loaded: 0)
Unloading 88 unused Assets / (425.6 KB). Loaded Objects now: 6825.
Memory consumption went from 330.5 MB to 330.1 MB.
Total: 3.863400 ms (FindLiveObjects: 0.403800 ms CreateObjectMapping: 0.409000 ms MarkObjects: 2.860200 ms  DeleteObjects: 0.189800 ms)

AssetImportParameters requested are different than current active one (requested -> active):
  custom:container-demuxer-ogg: 62fdf1f143b41e24485cea50d1cbac27 -> 
  custom:framework-win-MediaFoundation: 216162199b28c13a410421893ffa2e32 -> 
  custom:container-muxer-webm: aa71ff27fc2769a1b78a27578f13a17b -> 
  custom:video-decoder-webm-vp8: 9c59270c3fd7afecdb556c50c9e8de78 -> 
  custom:SearchIndexIgnoredProperties: e643bd26f0fe6173181afceb89e7c659 -> 
  custom:AudioImporter_EditorPlatform: d09bf68614088b80899f8185d706f6e7 -> 
  custom:audio-decoder-ogg-vorbis: bf7c407c2cedff20999df2af8eb42d56 -> 
  custom:audio-encoder-webm-vorbis: bf7c407c2cedff20999df2af8eb42d56 -> 
  custom:video-decoder-ogg-theora: a1e56fd34408186e4bbccfd4996cb3dc -> 
  custom:CustomObjectIndexerAttribute: a3ef5dd2817f97addfee359851a9dba5 -> 
  custom:container-demuxer-webm: 4f35f7cbe854078d1ac9338744f61a02 -> 
  custom:video-encoder-webm-vp8: eb34c28f22e8b96e1ab97ce403110664 -> 
========================================================================
Received Import Request.
  Time since last request: 316234.074378 seconds.
  path: Assets/Other/MiocrogameSDK/Assets/Feel/MMTools/Tools/MMGUI/Materials/MMFaderRoundMaterialMasked.mat
  artifactKey: Guid(1297af1e1808f5a48b35411d71934370) Importer(815301076,1909f56bfc062723c751e8b465ee728b)
Start importing Assets/Other/MiocrogameSDK/Assets/Feel/MMTools/Tools/MMGUI/Materials/MMFaderRoundMaterialMasked.mat using Guid(1297af1e1808f5a48b35411d71934370) Importer(815301076,1909f56bfc062723c751e8b465ee728b)  -> (artifact id: '57e925329e68dca62b5b6ec48739dcc2') in 0.245435 seconds
Number of updated asset objects reloaded before import = 0
Number of asset objects unloaded after import = 2
========================================================================
Received Import Request.
  Time since last request: 1.332299 seconds.
  path: Assets/Other/MiocrogameSDK/Assets/Feel/MMTools/Tools/MMVFX/MMRipple/MMRippleSpiral2.mat
  artifactKey: Guid(432948ea802b17943bde6d7614555a06) Importer(815301076,1909f56bfc062723c751e8b465ee728b)
Start importing Assets/Other/MiocrogameSDK/Assets/Feel/MMTools/Tools/MMVFX/MMRipple/MMRippleSpiral2.mat using Guid(432948ea802b17943bde6d7614555a06) Importer(815301076,1909f56bfc062723c751e8b465ee728b) Shader properties can't be added to this global property sheet. Trying to add _BackgroundTexture_ST (type 2 count 1)
UnityEngine.StackTraceUtility:ExtractStackTrace ()
UnityEngine.Rendering.ScriptableRenderContext:Submit_Internal ()
UnityEngine.Rendering.ScriptableRenderContext:Submit ()
UnityEngine.Rendering.Universal.UniversalRenderPipeline:RenderSingleCamera (UnityEngine.Rendering.ScriptableRenderContext,UnityEngine.Rendering.Universal.CameraData&) (at ./Library/PackageCache/com.unity.render-pipelines.universal@14.0.9/Runtime/UniversalRenderPipeline.cs:667)
UnityEngine.Rendering.Universal.UniversalRenderPipeline:RenderSingleCameraInternal (UnityEngine.Rendering.ScriptableRenderContext,UnityEngine.Camera) (at ./Library/PackageCache/com.unity.render-pipelines.universal@14.0.9/Runtime/UniversalRenderPipeline.cs:537)
UnityEngine.Rendering.Universal.UniversalRenderPipeline:Render (UnityEngine.Rendering.ScriptableRenderContext,System.Collections.Generic.List`1<UnityEngine.Camera>) (at ./Library/PackageCache/com.unity.render-pipelines.universal@14.0.9/Runtime/UniversalRenderPipeline.cs:378)
UnityEngine.Rendering.RenderPipeline:InternalRender (UnityEngine.Rendering.ScriptableRenderContext,System.Collections.Generic.List`1<UnityEngine.Camera>)
UnityEngine.Rendering.RenderPipelineManager:DoRenderLoop_Internal (UnityEngine.Rendering.RenderPipelineAsset,intptr,UnityEngine.Object,Unity.Collections.LowLevel.Unsafe.AtomicSafetyHandle)
UnityEditor.PreviewRenderUtility:Render (bool,bool)
UnityEditor.MaterialEditor:DoRenderPreview (UnityEditor.PreviewRenderUtility,bool)
UnityEditor.MaterialEditor:RenderStaticPreview (string,UnityEngine.Object[],int,int)
UnityEditor.AssetPreviewUpdater:CreatePreview (UnityEngine.Object,UnityEngine.Object[],string,int,int)
UnityEditor.AssetPreviewUpdater:CreatePreviewForAsset (UnityEngine.Object,UnityEngine.Object[],string)

[./Library/PackageCache/com.unity.render-pipelines.universal@14.0.9/Runtime/UniversalRenderPipeline.cs line 667]

Shader properties can't be added to this global property sheet. Trying to add _BackgroundTexture_TexelSize (type 2 count 1)
UnityEngine.StackTraceUtility:ExtractStackTrace ()
UnityEngine.Rendering.ScriptableRenderContext:Submit_Internal ()
UnityEngine.Rendering.ScriptableRenderContext:Submit ()
UnityEngine.Rendering.Universal.UniversalRenderPipeline:RenderSingleCamera (UnityEngine.Rendering.ScriptableRenderContext,UnityEngine.Rendering.Universal.CameraData&) (at ./Library/PackageCache/com.unity.render-pipelines.universal@14.0.9/Runtime/UniversalRenderPipeline.cs:667)
UnityEngine.Rendering.Universal.UniversalRenderPipeline:RenderSingleCameraInternal (UnityEngine.Rendering.ScriptableRenderContext,UnityEngine.Camera) (at ./Library/PackageCache/com.unity.render-pipelines.universal@14.0.9/Runtime/UniversalRenderPipeline.cs:537)
UnityEngine.Rendering.Universal.UniversalRenderPipeline:Render (UnityEngine.Rendering.ScriptableRenderContext,System.Collections.Generic.List`1<UnityEngine.Camera>) (at ./Library/PackageCache/com.unity.render-pipelines.universal@14.0.9/Runtime/UniversalRenderPipeline.cs:378)
UnityEngine.Rendering.RenderPipeline:InternalRender (UnityEngine.Rendering.ScriptableRenderContext,System.Collections.Generic.List`1<UnityEngine.Camera>)
UnityEngine.Rendering.RenderPipelineManager:DoRenderLoop_Internal (UnityEngine.Rendering.RenderPipelineAsset,intptr,UnityEngine.Object,Unity.Collections.LowLevel.Unsafe.AtomicSafetyHandle)
UnityEditor.PreviewRenderUtility:Render (bool,bool)
UnityEditor.MaterialEditor:DoRenderPreview (UnityEditor.PreviewRenderUtility,bool)
UnityEditor.MaterialEditor:RenderStaticPreview (string,UnityEngine.Object[],int,int)
UnityEditor.AssetPreviewUpdater:CreatePreview (UnityEngine.Object,UnityEngine.Object[],string,int,int)
UnityEditor.AssetPreviewUpdater:CreatePreviewForAsset (UnityEngine.Object,UnityEngine.Object[],string)

[./Library/PackageCache/com.unity.render-pipelines.universal@14.0.9/Runtime/UniversalRenderPipeline.cs line 667]

Shader properties can't be added to this global property sheet. Trying to add _BackgroundTexture_HDR (type 2 count 1)
UnityEngine.StackTraceUtility:ExtractStackTrace ()
UnityEngine.Rendering.ScriptableRenderContext:Submit_Internal ()
UnityEngine.Rendering.ScriptableRenderContext:Submit ()
UnityEngine.Rendering.Universal.UniversalRenderPipeline:RenderSingleCamera (UnityEngine.Rendering.ScriptableRenderContext,UnityEngine.Rendering.Universal.CameraData&) (at ./Library/PackageCache/com.unity.render-pipelines.universal@14.0.9/Runtime/UniversalRenderPipeline.cs:667)
UnityEngine.Rendering.Universal.UniversalRenderPipeline:RenderSingleCameraInternal (UnityEngine.Rendering.ScriptableRenderContext,UnityEngine.Camera) (at ./Library/PackageCache/com.unity.render-pipelines.universal@14.0.9/Runtime/UniversalRenderPipeline.cs:537)
UnityEngine.Rendering.Universal.UniversalRenderPipeline:Render (UnityEngine.Rendering.ScriptableRenderContext,System.Collections.Generic.List`1<UnityEngine.Camera>) (at ./Library/PackageCache/com.unity.render-pipelines.universal@14.0.9/Runtime/UniversalRenderPipeline.cs:378)
UnityEngine.Rendering.RenderPipeline:InternalRender (UnityEngine.Rendering.ScriptableRenderContext,System.Collections.Generic.List`1<UnityEngine.Camera>)
UnityEngine.Rendering.RenderPipelineManager:DoRenderLoop_Internal (UnityEngine.Rendering.RenderPipelineAsset,intptr,UnityEngine.Object,Unity.Collections.LowLevel.Unsafe.AtomicSafetyHandle)
UnityEditor.PreviewRenderUtility:Render (bool,bool)
UnityEditor.MaterialEditor:DoRenderPreview (UnityEditor.PreviewRenderUtility,bool)
UnityEditor.MaterialEditor:RenderStaticPreview (string,UnityEngine.Object[],int,int)
UnityEditor.AssetPreviewUpdater:CreatePreview (UnityEngine.Object,UnityEngine.Object[],string,int,int)
UnityEditor.AssetPreviewUpdater:CreatePreviewForAsset (UnityEngine.Object,UnityEngine.Object[],string)

[./Library/PackageCache/com.unity.render-pipelines.universal@14.0.9/Runtime/UniversalRenderPipeline.cs line 667]

Shader properties can't be added to this global property sheet. Trying to add _BackgroundTexture (type 4 count 1)
UnityEngine.StackTraceUtility:ExtractStackTrace ()
UnityEngine.Rendering.ScriptableRenderContext:Submit_Internal ()
UnityEngine.Rendering.ScriptableRenderContext:Submit ()
UnityEngine.Rendering.Universal.UniversalRenderPipeline:RenderSingleCamera (UnityEngine.Rendering.ScriptableRenderContext,UnityEngine.Rendering.Universal.CameraData&) (at ./Library/PackageCache/com.unity.render-pipelines.universal@14.0.9/Runtime/UniversalRenderPipeline.cs:667)
UnityEngine.Rendering.Universal.UniversalRenderPipeline:RenderSingleCameraInternal (UnityEngine.Rendering.ScriptableRenderContext,UnityEngine.Camera) (at ./Library/PackageCache/com.unity.render-pipelines.universal@14.0.9/Runtime/UniversalRenderPipeline.cs:537)
UnityEngine.Rendering.Universal.UniversalRenderPipeline:Render (UnityEngine.Rendering.ScriptableRenderContext,System.Collections.Generic.List`1<UnityEngine.Camera>) (at ./Library/PackageCache/com.unity.render-pipelines.universal@14.0.9/Runtime/UniversalRenderPipeline.cs:378)
UnityEngine.Rendering.RenderPipeline:InternalRender (UnityEngine.Rendering.ScriptableRenderContext,System.Collections.Generic.List`1<UnityEngine.Camera>)
UnityEngine.Rendering.RenderPipelineManager:DoRenderLoop_Internal (UnityEngine.Rendering.RenderPipelineAsset,intptr,UnityEngine.Object,Unity.Collections.LowLevel.Unsafe.AtomicSafetyHandle)
UnityEditor.PreviewRenderUtility:Render (bool,bool)
UnityEditor.MaterialEditor:DoRenderPreview (UnityEditor.PreviewRenderUtility,bool)
UnityEditor.MaterialEditor:RenderStaticPreview (string,UnityEngine.Object[],int,int)
UnityEditor.AssetPreviewUpdater:CreatePreview (UnityEngine.Object,UnityEngine.Object[],string,int,int)
UnityEditor.AssetPreviewUpdater:CreatePreviewForAsset (UnityEngine.Object,UnityEngine.Object[],string)

[./Library/PackageCache/com.unity.render-pipelines.universal@14.0.9/Runtime/UniversalRenderPipeline.cs line 667]

 -> (artifact id: 'dea7a09b1faaa8dcff6caa5292aa6f46') in 0.016915 seconds
Number of updated asset objects reloaded before import = 0
Number of asset objects unloaded after import = 3
========================================================================
Received Import Request.
  Time since last request: 0.002049 seconds.
  path: Assets/Other/Microgames/Catch Fireflies/Your Materials/OldMats/New Material 1.mat
  artifactKey: Guid(13177cc3c81fcd9439d57f5e9cbaa987) Importer(815301076,1909f56bfc062723c751e8b465ee728b)
Start importing Assets/Other/Microgames/Catch Fireflies/Your Materials/OldMats/New Material 1.mat using Guid(13177cc3c81fcd9439d57f5e9cbaa987) Importer(815301076,1909f56bfc062723c751e8b465ee728b)  -> (artifact id: '8f2401e4b98fa9ddd9bda66fd18ba597') in 0.964728 seconds
Number of updated asset objects reloaded before import = 0
Number of asset objects unloaded after import = 3
========================================================================
Received Import Request.
  Time since last request: 0.000024 seconds.
  path: Assets/Other/Microgames/Twilight Forager/Your Meshes/Big Rock.fbx
  artifactKey: Guid(de8ff0d6359133747b15ec61233c53bd) Importer(815301076,1909f56bfc062723c751e8b465ee728b)
Start importing Assets/Other/Microgames/Twilight Forager/Your Meshes/Big Rock.fbx using Guid(de8ff0d6359133747b15ec61233c53bd) Importer(815301076,1909f56bfc062723c751e8b465ee728b)  -> (artifact id: '4ec011b2e765a0ec17eba4c7c7c86a11') in 0.053970 seconds
Number of updated asset objects reloaded before import = 0
Number of asset objects unloaded after import = 10
========================================================================
Received Import Request.
  Time since last request: 0.000037 seconds.
  path: Assets/Other/Microgames/Triangulate/Parts/RippleMaterial.mat
  artifactKey: Guid(e3a2e6559adeb1d428c0ccffe54194c0) Importer(815301076,1909f56bfc062723c751e8b465ee728b)
Start importing Assets/Other/Microgames/Triangulate/Parts/RippleMaterial.mat using Guid(e3a2e6559adeb1d428c0ccffe54194c0) Importer(815301076,1909f56bfc062723c751e8b465ee728b)  -> (artifact id: 'c7f8c3ae6ce106eaa5740c21d69d1d7e') in 0.029322 seconds
Number of updated asset objects reloaded before import = 0
Number of asset objects unloaded after import = 3
========================================================================
Received Import Request.
  Time since last request: 0.000018 seconds.
  path: Packages/com.unity.render-pipelines.universal/Runtime/Materials/Sprite-Unlit-Default.mat
  artifactKey: Guid(9dfc825aed78fcd4ba02077103263b40) Importer(815301076,1909f56bfc062723c751e8b465ee728b)
Start importing Packages/com.unity.render-pipelines.universal/Runtime/Materials/Sprite-Unlit-Default.mat using Guid(9dfc825aed78fcd4ba02077103263b40) Importer(815301076,1909f56bfc062723c751e8b465ee728b)  -> (artifact id: '307c69b1c22465b0643be8f6f7455e69') in 0.014998 seconds
Number of updated asset objects reloaded before import = 0
Number of asset objects unloaded after import = 2
========================================================================
Received Import Request.
  Time since last request: 0.000019 seconds.
  path: Assets/Other/Microgames/Help Balloon Man Out Of Spike World/Your Materials/String.mat
  artifactKey: Guid(670f679595683484f8f92e865e623d51) Importer(815301076,1909f56bfc062723c751e8b465ee728b)
Start importing Assets/Other/Microgames/Help Balloon Man Out Of Spike World/Your Materials/String.mat using Guid(670f679595683484f8f92e865e623d51) Importer(815301076,1909f56bfc062723c751e8b465ee728b)  -> (artifact id: '1dba9f5682910b40ca14cee8369f6ffb') in 0.020191 seconds
Number of updated asset objects reloaded before import = 0
Number of asset objects unloaded after import = 2
========================================================================
Received Import Request.
  Time since last request: 0.000018 seconds.
  path: Packages/com.unity.render-pipelines.universal/Runtime/Materials/SimpleLit.mat
  artifactKey: Guid(6a1143ee683302f4aa628c052723efc1) Importer(815301076,1909f56bfc062723c751e8b465ee728b)
Start importing Packages/com.unity.render-pipelines.universal/Runtime/Materials/SimpleLit.mat using Guid(6a1143ee683302f4aa628c052723efc1) Importer(815301076,1909f56bfc062723c751e8b465ee728b)  -> (artifact id: 'd3b24a6a94edee93c1ea825835ea7ef6') in 1.081024 seconds
Number of updated asset objects reloaded before import = 0
Number of asset objects unloaded after import = 2
========================================================================
Received Import Request.
  Time since last request: 0.000025 seconds.
  path: Assets/Other/Microgames/Catch Fireflies/Your Materials/Trees.mat
  artifactKey: Guid(c173271f99cdbd141a0650fa643f47d1) Importer(815301076,1909f56bfc062723c751e8b465ee728b)
Start importing Assets/Other/Microgames/Catch Fireflies/Your Materials/Trees.mat using Guid(c173271f99cdbd141a0650fa643f47d1) Importer(815301076,1909f56bfc062723c751e8b465ee728b)  -> (artifact id: '8bdcd21532f20079560474aecbaa14ac') in 0.019623 seconds
Number of updated asset objects reloaded before import = 0
Number of asset objects unloaded after import = 2
========================================================================
Received Import Request.
  Time since last request: 0.000030 seconds.
  path: Assets/Other/Microgames/Catch Fireflies/Your Materials/Mushrooms/Type2 C.mat
  artifactKey: Guid(7ace454db31320b4480a98aebb2519d2) Importer(815301076,1909f56bfc062723c751e8b465ee728b)
Start importing Assets/Other/Microgames/Catch Fireflies/Your Materials/Mushrooms/Type2 C.mat using Guid(7ace454db31320b4480a98aebb2519d2) Importer(815301076,1909f56bfc062723c751e8b465ee728b)  -> (artifact id: 'd6f7ef8041085fba6ac0dc2629ca2c50') in 0.026870 seconds
Number of updated asset objects reloaded before import = 0
Number of asset objects unloaded after import = 3
========================================================================
Received Import Request.
  Time since last request: 0.000018 seconds.
  path: Assets/Other/Microgames/Catch Fireflies/Your Materials/Mushrooms/Type3 B.mat
  artifactKey: Guid(6a0ce35fc1795b240a2099413ab70f22) Importer(815301076,1909f56bfc062723c751e8b465ee728b)
Start importing Assets/Other/Microgames/Catch Fireflies/Your Materials/Mushrooms/Type3 B.mat using Guid(6a0ce35fc1795b240a2099413ab70f22) Importer(815301076,1909f56bfc062723c751e8b465ee728b)  -> (artifact id: 'ecf141b47fe8ea6308ec457ad9504c12') in 0.025773 seconds
Number of updated asset objects reloaded before import = 0
Number of asset objects unloaded after import = 3
========================================================================
Received Import Request.
  Time since last request: 0.000024 seconds.
  path: Assets/Other/Microgames/Catch Fireflies/Your Materials/Mushrooms/Type3 E.mat
  artifactKey: Guid(06fc23f574c4f534b8b61d2243fb235b) Importer(815301076,1909f56bfc062723c751e8b465ee728b)
Start importing Assets/Other/Microgames/Catch Fireflies/Your Materials/Mushrooms/Type3 E.mat using Guid(06fc23f574c4f534b8b61d2243fb235b) Importer(815301076,1909f56bfc062723c751e8b465ee728b)  -> (artifact id: '7730168296fad73c7a539741de0dce1d') in 0.027163 seconds
Number of updated asset objects reloaded before import = 0
Number of asset objects unloaded after import = 3
========================================================================
Received Import Request.
  Time since last request: 0.000019 seconds.
  path: Assets/Other/Microgames/Catch Fireflies/Your Materials/Mushrooms/Type1 E.mat
  artifactKey: Guid(2d0640041b7b8da418625e8f931025f8) Importer(815301076,1909f56bfc062723c751e8b465ee728b)
Start importing Assets/Other/Microgames/Catch Fireflies/Your Materials/Mushrooms/Type1 E.mat using Guid(2d0640041b7b8da418625e8f931025f8) Importer(815301076,1909f56bfc062723c751e8b465ee728b)  -> (artifact id: '53d857e0f8e1fd328462033df2fc9773') in 0.024457 seconds
Number of updated asset objects reloaded before import = 0
Number of asset objects unloaded after import = 3
========================================================================
Received Import Request.
  Time since last request: 0.000019 seconds.
  path: Assets/Other/Microgames/FlyingMicrogame/Your Materials/ShipBottom.mat
  artifactKey: Guid(a4a0a6cca5437a44f9c367311f05cbbd) Importer(815301076,1909f56bfc062723c751e8b465ee728b)
Start importing Assets/Other/Microgames/FlyingMicrogame/Your Materials/ShipBottom.mat using Guid(a4a0a6cca5437a44f9c367311f05cbbd) Importer(815301076,1909f56bfc062723c751e8b465ee728b)  -> (artifact id: 'aecb01515501fba85126773caa9d35be') in 0.017970 seconds
Number of updated asset objects reloaded before import = 0
Number of asset objects unloaded after import = 2
========================================================================
Received Import Request.
  Time since last request: 0.000024 seconds.
  path: Assets/Other/Microgames/Twilight Forager/Your Materials/Tan.mat
  artifactKey: Guid(b3c3a3dd46585e442aac7aa335a48b30) Importer(815301076,1909f56bfc062723c751e8b465ee728b)
Start importing Assets/Other/Microgames/Twilight Forager/Your Materials/Tan.mat using Guid(b3c3a3dd46585e442aac7aa335a48b30) Importer(815301076,1909f56bfc062723c751e8b465ee728b)  -> (artifact id: 'aa4938c025aa3c3d84eb7abc0cf5eab3') in 0.019065 seconds
Number of updated asset objects reloaded before import = 0
Number of asset objects unloaded after import = 2
========================================================================
Received Import Request.
  Time since last request: 0.000023 seconds.
  path: Assets/Other/Microgames/Catch Fireflies/Your Materials/Mushrooms/Type2 D.mat
  artifactKey: Guid(5e4a452a283308440816b75454ddf163) Importer(815301076,1909f56bfc062723c751e8b465ee728b)
Start importing Assets/Other/Microgames/Catch Fireflies/Your Materials/Mushrooms/Type2 D.mat using Guid(5e4a452a283308440816b75454ddf163) Importer(815301076,1909f56bfc062723c751e8b465ee728b)  -> (artifact id: '6d7d9c829c4412068cf042c62a4a9c6d') in 0.028035 seconds
Number of updated asset objects reloaded before import = 0
Number of asset objects unloaded after import = 3
========================================================================
Received Import Request.
  Time since last request: 0.000023 seconds.
  path: Packages/com.unity.render-pipelines.universal/Runtime/Materials/Sprite-Lit-Default.mat
  artifactKey: Guid(a97c105638bdf8b4a8650670310a4cd3) Importer(815301076,1909f56bfc062723c751e8b465ee728b)
Start importing Packages/com.unity.render-pipelines.universal/Runtime/Materials/Sprite-Lit-Default.mat using Guid(a97c105638bdf8b4a8650670310a4cd3) Importer(815301076,1909f56bfc062723c751e8b465ee728b)  -> (artifact id: 'fb088280b6ac55f026e7d4542bf67916') in 0.007580 seconds
Number of updated asset objects reloaded before import = 0
Number of asset objects unloaded after import = 2
========================================================================
Received Import Request.
  Time since last request: 0.000031 seconds.
  path: Assets/Other/Microgames/Twilight Forager/Your Meshes/Log with Branch.fbx
  artifactKey: Guid(ca4ac797a505f004186c5b5905a93b10) Importer(815301076,1909f56bfc062723c751e8b465ee728b)
Start importing Assets/Other/Microgames/Twilight Forager/Your Meshes/Log with Branch.fbx using Guid(ca4ac797a505f004186c5b5905a93b10) Importer(815301076,1909f56bfc062723c751e8b465ee728b)  -> (artifact id: '7f51909712cfdb2d77b35783adf04a50') in 0.027295 seconds
Number of updated asset objects reloaded before import = 0
Number of asset objects unloaded after import = 10
========================================================================
Received Import Request.
  Time since last request: 0.000024 seconds.
  path: Assets/Other/Microgames/Catch Fireflies/Your Materials/Mushrooms/Type3 D.mat
  artifactKey: Guid(ffae6fcd3fbf01f418ef8fb83095a740) Importer(815301076,1909f56bfc062723c751e8b465ee728b)
Start importing Assets/Other/Microgames/Catch Fireflies/Your Materials/Mushrooms/Type3 D.mat using Guid(ffae6fcd3fbf01f418ef8fb83095a740) Importer(815301076,1909f56bfc062723c751e8b465ee728b)  -> (artifact id: 'd4e2863afad0651ac74b11b819147e9f') in 0.025359 seconds
Number of updated asset objects reloaded before import = 0
Number of asset objects unloaded after import = 3
========================================================================
Received Import Request.
  Time since last request: 0.000017 seconds.
  path: Assets/Other/Microgames/Twilight Forager/Your Meshes/Oak Tree.fbx
  artifactKey: Guid(fa3469655d3568847afd50fec0586e36) Importer(815301076,1909f56bfc062723c751e8b465ee728b)
Start importing Assets/Other/Microgames/Twilight Forager/Your Meshes/Oak Tree.fbx using Guid(fa3469655d3568847afd50fec0586e36) Importer(815301076,1909f56bfc062723c751e8b465ee728b)  -> (artifact id: 'f01a10a2cab85ad794f8508ace3cc69d') in 0.024171 seconds
Number of updated asset objects reloaded before import = 0
Number of asset objects unloaded after import = 10
========================================================================
Received Import Request.
  Time since last request: 0.000018 seconds.
  path: Assets/Other/Microgames/Twilight Forager/Your Meshes/Toadstool.fbx
  artifactKey: Guid(40b810e2b23fa5c438e9fde8c93d6d12) Importer(815301076,1909f56bfc062723c751e8b465ee728b)
Start importing Assets/Other/Microgames/Twilight Forager/Your Meshes/Toadstool.fbx using Guid(40b810e2b23fa5c438e9fde8c93d6d12) Importer(815301076,1909f56bfc062723c751e8b465ee728b)  -> (artifact id: 'de1dbf19c5c7b67ec6ca2a81f64fc9fb') in 0.031290 seconds
Number of updated asset objects reloaded before import = 0
Number of asset objects unloaded after import = 10
========================================================================
Received Import Request.
  Time since last request: 0.000016 seconds.
  path: Assets/Other/Microgames/FlyingMicrogame/Your Materials/ShipMiddle.mat
  artifactKey: Guid(ca204a49dedd9c34ead411939446d71b) Importer(815301076,1909f56bfc062723c751e8b465ee728b)
Start importing Assets/Other/Microgames/FlyingMicrogame/Your Materials/ShipMiddle.mat using Guid(ca204a49dedd9c34ead411939446d71b) Importer(815301076,1909f56bfc062723c751e8b465ee728b)  -> (artifact id: '7178ebb96ae458013a35433c356dba4f') in 0.015027 seconds
Number of updated asset objects reloaded before import = 0
Number of asset objects unloaded after import = 2
========================================================================
Received Import Request.
  Time since last request: 0.000017 seconds.
  path: Assets/Other/Microgames/FlyingMicrogame/Your Materials/ShipTop.mat
  artifactKey: Guid(d4fec572a7a4ee24a9b8aa06ebbaabf2) Importer(815301076,1909f56bfc062723c751e8b465ee728b)
Start importing Assets/Other/Microgames/FlyingMicrogame/Your Materials/ShipTop.mat using Guid(d4fec572a7a4ee24a9b8aa06ebbaabf2) Importer(815301076,1909f56bfc062723c751e8b465ee728b)  -> (artifact id: '2d8e0526d75c9fb9466a4b153f7afe55') in 0.040823 seconds
Number of updated asset objects reloaded before import = 0
Number of asset objects unloaded after import = 4
========================================================================
Received Import Request.
  Time since last request: 0.000020 seconds.
  path: Assets/Other/Microgames/Catch Fireflies/Your Materials/Mushrooms/Type1 A.mat
  artifactKey: Guid(e6144a5030113664c848e9d16fc9b823) Importer(815301076,1909f56bfc062723c751e8b465ee728b)
Start importing Assets/Other/Microgames/Catch Fireflies/Your Materials/Mushrooms/Type1 A.mat using Guid(e6144a5030113664c848e9d16fc9b823) Importer(815301076,1909f56bfc062723c751e8b465ee728b)  -> (artifact id: '0c9125c9aff7a1a3e9fd3376f839d831') in 0.014855 seconds
Number of updated asset objects reloaded before import = 0
Number of asset objects unloaded after import = 3
========================================================================
Received Import Request.
  Time since last request: 0.000025 seconds.
  path: Assets/Other/Microgames/Twilight Forager/Your Meshes/Maple Tree.fbx
  artifactKey: Guid(2163c83eeb3cce2469c99aaf1c6b4b90) Importer(815301076,1909f56bfc062723c751e8b465ee728b)
Start importing Assets/Other/Microgames/Twilight Forager/Your Meshes/Maple Tree.fbx using Guid(2163c83eeb3cce2469c99aaf1c6b4b90) Importer(815301076,1909f56bfc062723c751e8b465ee728b)  -> (artifact id: 'b073bb66b453e06039b1bffecdf108d4') in 0.023786 seconds
Number of updated asset objects reloaded before import = 0
Number of asset objects unloaded after import = 10
========================================================================
Received Import Request.
  Time since last request: 0.000017 seconds.
  path: Packages/com.unity.render-pipelines.universal/Runtime/Materials/SpriteMask-Default.mat
  artifactKey: Guid(15d0c3709176029428a0da2f8cecf0b5) Importer(815301076,1909f56bfc062723c751e8b465ee728b)
Start importing Packages/com.unity.render-pipelines.universal/Runtime/Materials/SpriteMask-Default.mat using Guid(15d0c3709176029428a0da2f8cecf0b5) Importer(815301076,1909f56bfc062723c751e8b465ee728b)  -> (artifact id: 'e8af48b862fa2049d0f82848c7a7a2c5') in 0.007177 seconds
Number of updated asset objects reloaded before import = 0
Number of asset objects unloaded after import = 2
========================================================================
Received Import Request.
  Time since last request: 0.000019 seconds.
  path: Assets/Other/Microgames/Twilight Forager/Your Meshes/Twilight Cap.fbx
  artifactKey: Guid(0b737f9160a1fcf48a98f27b45cb71db) Importer(815301076,1909f56bfc062723c751e8b465ee728b)
Start importing Assets/Other/Microgames/Twilight Forager/Your Meshes/Twilight Cap.fbx using Guid(0b737f9160a1fcf48a98f27b45cb71db) Importer(815301076,1909f56bfc062723c751e8b465ee728b)  -> (artifact id: 'c5bb552bd9a9cfe0fbeb474f20826bad') in 0.021925 seconds
Number of updated asset objects reloaded before import = 0
Number of asset objects unloaded after import = 10
========================================================================
Received Import Request.
  Time since last request: 0.000017 seconds.
  path: Assets/Other/Microgames/Twilight Forager/Your Meshes/Bush.fbx
  artifactKey: Guid(1db2cf566c33d5e4992546626fa9e34f) Importer(815301076,1909f56bfc062723c751e8b465ee728b)
Start importing Assets/Other/Microgames/Twilight Forager/Your Meshes/Bush.fbx using Guid(1db2cf566c33d5e4992546626fa9e34f) Importer(815301076,1909f56bfc062723c751e8b465ee728b)  -> (artifact id: '7751ec084a07aafd7ded296c16b6a92a') in 0.021694 seconds
Number of updated asset objects reloaded before import = 0
Number of asset objects unloaded after import = 10
========================================================================
Received Import Request.
  Time since last request: 0.000024 seconds.
  path: Assets/Other/Microgames/Twilight Forager/Your Materials/Owl Eye.mat
  artifactKey: Guid(27d5a927631aa7a4eab3c5ed6682df8b) Importer(815301076,1909f56bfc062723c751e8b465ee728b)
Start importing Assets/Other/Microgames/Twilight Forager/Your Materials/Owl Eye.mat using Guid(27d5a927631aa7a4eab3c5ed6682df8b) Importer(815301076,1909f56bfc062723c751e8b465ee728b)  -> (artifact id: '96be3dcc2e13f5ab5070e98169f94177') in 0.013956 seconds
Number of updated asset objects reloaded before import = 0
Number of asset objects unloaded after import = 2
========================================================================
Received Import Request.
  Time since last request: 0.000014 seconds.
  path: Assets/Other/MiocrogameSDK/Assets/Fonts/Passion_One/PassionOne-Regular SDF.asset
  artifactKey: Guid(7eecf8ef869e097478f6a0e58d860e56) Importer(815301076,1909f56bfc062723c751e8b465ee728b)
Start importing Assets/Other/MiocrogameSDK/Assets/Fonts/Passion_One/PassionOne-Regular SDF.asset using Guid(7eecf8ef869e097478f6a0e58d860e56) Importer(815301076,1909f56bfc062723c751e8b465ee728b)  -> (artifact id: '4931f25e5a13367d1e3563e553e8ce2c') in 0.036760 seconds
Number of updated asset objects reloaded before import = 0
Number of asset objects unloaded after import = 7
========================================================================
Received Prepare
Begin MonoManager ReloadAssembly
- Loaded All Assemblies, in  0.512 seconds
Refreshing native plugins compatible for Editor in 4.96 ms, found 3 plugins.
Native extension for WindowsStandalone target not found
[Package Manager] Server::EnsureServerProcessIsRunning -- launch failed, reason: Unity was launched with the -noUpm command-line argument
[Package Manager] UpmClient::Send -- Unable to send message (not connected to UPM process).
[Package Manager] Cannot connect to Unity Package Manager local server
Mono: successfully reloaded assembly
- Finished resetting the current domain, in  1.566 seconds
Domain Reload Profiling: 2073ms
	BeginReloadAssembly (166ms)
		ExecutionOrderSort (0ms)
		DisableScriptedObjects (14ms)
		BackupInstance (0ms)
		ReleaseScriptingObjects (0ms)
		CreateAndSetChildDomain (41ms)
	RebuildCommonClasses (29ms)
	RebuildNativeTypeToScriptingClass (10ms)
	initialDomainReloadingComplete (31ms)
	LoadAllAssembliesAndSetupDomain (270ms)
		LoadAssemblies (320ms)
		RebuildTransferFunctionScriptingTraits (0ms)
		AnalyzeDomain (25ms)
			TypeCache.Refresh (6ms)
				TypeCache.ScanAssembly (0ms)
			ScanForSourceGeneratedMonoScriptInfo (0ms)
			ResolveRequiredComponents (18ms)
	FinalizeReload (1566ms)
		ReleaseScriptCaches (0ms)
		RebuildScriptCaches (0ms)
		SetupLoadedEditorAssemblies (783ms)
			LogAssemblyErrors (0ms)
			InitializePlatformSupportModulesInManaged (8ms)
			SetLoadedEditorAssemblies (4ms)
			RefreshPlugins (0ms)
			BeforeProcessingInitializeOnLoad (142ms)
			ProcessInitializeOnLoadAttributes (563ms)
			ProcessInitializeOnLoadMethodAttributes (53ms)
			AfterProcessingInitializeOnLoad (12ms)
			EditorAssembliesLoaded (1ms)
		ExecutionOrderSort2 (0ms)
		AwakeInstancesAfterBackupRestoration (18ms)
Shader 'MoreMountains/MMRipple': fallback shader 'Particle/AlphaBlended' not found
Refreshing native plugins compatible for Editor in 5.11 ms, found 3 plugins.
Preloading 0 native plugins for Editor in 0.00 ms.
Unloading 6175 Unused Serialized files (Serialized files now loaded: 0)
Unloading 45 unused Assets / (390.3 KB). Loaded Objects now: 6927.
Memory consumption went from 303.0 MB to 302.6 MB.
Total: 3.908000 ms (FindLiveObjects: 0.514500 ms CreateObjectMapping: 0.488700 ms MarkObjects: 2.793800 ms  DeleteObjects: 0.110100 ms)

Prepare: number of updated asset objects reloaded= 0
AssetImportParameters requested are different than current active one (requested -> active):
  custom:container-demuxer-ogg: 62fdf1f143b41e24485cea50d1cbac27 -> 
  custom:framework-win-MediaFoundation: 216162199b28c13a410421893ffa2e32 -> 
  custom:container-muxer-webm: aa71ff27fc2769a1b78a27578f13a17b -> 
  custom:video-decoder-webm-vp8: 9c59270c3fd7afecdb556c50c9e8de78 -> 
  custom:SearchIndexIgnoredProperties: e643bd26f0fe6173181afceb89e7c659 -> 
  custom:AudioImporter_EditorPlatform: d09bf68614088b80899f8185d706f6e7 -> 
  custom:audio-decoder-ogg-vorbis: bf7c407c2cedff20999df2af8eb42d56 -> 
  custom:audio-encoder-webm-vorbis: bf7c407c2cedff20999df2af8eb42d56 -> 
  custom:video-decoder-ogg-theora: a1e56fd34408186e4bbccfd4996cb3dc -> 
  custom:CustomObjectIndexerAttribute: a3ef5dd2817f97addfee359851a9dba5 -> 
  custom:container-demuxer-webm: 4f35f7cbe854078d1ac9338744f61a02 -> 
  custom:video-encoder-webm-vp8: eb34c28f22e8b96e1ab97ce403110664 -> 
========================================================================
Received Prepare
Begin MonoManager ReloadAssembly
- Loaded All Assemblies, in  0.498 seconds
Refreshing native plugins compatible for Editor in 5.22 ms, found 3 plugins.
Native extension for WindowsStandalone target not found
[Package Manager] Server::EnsureServerProcessIsRunning -- launch failed, reason: Unity was launched with the -noUpm command-line argument
[Package Manager] UpmClient::Send -- Unable to send message (not connected to UPM process).
[Package Manager] Cannot connect to Unity Package Manager local server
Mono: successfully reloaded assembly
- Finished resetting the current domain, in  1.398 seconds
Domain Reload Profiling: 1890ms
	BeginReloadAssembly (142ms)
		ExecutionOrderSort (0ms)
		DisableScriptedObjects (4ms)
		BackupInstance (0ms)
		ReleaseScriptingObjects (0ms)
		CreateAndSetChildDomain (34ms)
	RebuildCommonClasses (27ms)
	RebuildNativeTypeToScriptingClass (10ms)
	initialDomainReloadingComplete (30ms)
	LoadAllAssembliesAndSetupDomain (284ms)
		LoadAssemblies (305ms)
		RebuildTransferFunctionScriptingTraits (0ms)
		AnalyzeDomain (50ms)
			TypeCache.Refresh (9ms)
				TypeCache.ScanAssembly (1ms)
			ScanForSourceGeneratedMonoScriptInfo (22ms)
			ResolveRequiredComponents (18ms)
	FinalizeReload (1398ms)
		ReleaseScriptCaches (0ms)
		RebuildScriptCaches (0ms)
		SetupLoadedEditorAssemblies (662ms)
			LogAssemblyErrors (0ms)
			InitializePlatformSupportModulesInManaged (7ms)
			SetLoadedEditorAssemblies (4ms)
			RefreshPlugins (0ms)
			BeforeProcessingInitializeOnLoad (125ms)
			ProcessInitializeOnLoadAttributes (472ms)
			ProcessInitializeOnLoadMethodAttributes (45ms)
			AfterProcessingInitializeOnLoad (10ms)
			EditorAssembliesLoaded (1ms)
		ExecutionOrderSort2 (0ms)
		AwakeInstancesAfterBackupRestoration (14ms)
Shader 'MoreMountains/MMRipple': fallback shader 'Particle/AlphaBlended' not found
Refreshing native plugins compatible for Editor in 5.10 ms, found 3 plugins.
Preloading 0 native plugins for Editor in 0.00 ms.
Unloading 6175 Unused Serialized files (Serialized files now loaded: 0)
Unloading 45 unused Assets / (390.5 KB). Loaded Objects now: 6943.
Memory consumption went from 304.9 MB to 304.5 MB.
Total: 3.322700 ms (FindLiveObjects: 0.428600 ms CreateObjectMapping: 0.472400 ms MarkObjects: 2.327300 ms  DeleteObjects: 0.093700 ms)

Prepare: number of updated asset objects reloaded= 0
AssetImportParameters requested are different than current active one (requested -> active):
  custom:container-demuxer-ogg: 62fdf1f143b41e24485cea50d1cbac27 -> 
  custom:framework-win-MediaFoundation: 216162199b28c13a410421893ffa2e32 -> 
  custom:container-muxer-webm: aa71ff27fc2769a1b78a27578f13a17b -> 
  custom:video-decoder-webm-vp8: 9c59270c3fd7afecdb556c50c9e8de78 -> 
  custom:SearchIndexIgnoredProperties: e643bd26f0fe6173181afceb89e7c659 -> 
  custom:AudioImporter_EditorPlatform: d09bf68614088b80899f8185d706f6e7 -> 
  custom:audio-decoder-ogg-vorbis: bf7c407c2cedff20999df2af8eb42d56 -> 
  custom:audio-encoder-webm-vorbis: bf7c407c2cedff20999df2af8eb42d56 -> 
  custom:video-decoder-ogg-theora: a1e56fd34408186e4bbccfd4996cb3dc -> 
  custom:CustomObjectIndexerAttribute: a3ef5dd2817f97addfee359851a9dba5 -> 
  custom:container-demuxer-webm: 4f35f7cbe854078d1ac9338744f61a02 -> 
  custom:video-encoder-webm-vp8: eb34c28f22e8b96e1ab97ce403110664 -> 
========================================================================
Received Prepare
Begin MonoManager ReloadAssembly
- Loaded All Assemblies, in  0.487 seconds
Refreshing native plugins compatible for Editor in 5.07 ms, found 3 plugins.
Native extension for WindowsStandalone target not found
[Package Manager] Server::EnsureServerProcessIsRunning -- launch failed, reason: Unity was launched with the -noUpm command-line argument
[Package Manager] UpmClient::Send -- Unable to send message (not connected to UPM process).
[Package Manager] Cannot connect to Unity Package Manager local server
Mono: successfully reloaded assembly
- Finished resetting the current domain, in  1.489 seconds
Domain Reload Profiling: 1970ms
	BeginReloadAssembly (154ms)
		ExecutionOrderSort (0ms)
		DisableScriptedObjects (7ms)
		BackupInstance (0ms)
		ReleaseScriptingObjects (0ms)
		CreateAndSetChildDomain (40ms)
	RebuildCommonClasses (28ms)
	RebuildNativeTypeToScriptingClass (10ms)
	initialDomainReloadingComplete (30ms)
	LoadAllAssembliesAndSetupDomain (260ms)
		LoadAssemblies (308ms)
		RebuildTransferFunctionScriptingTraits (0ms)
		AnalyzeDomain (25ms)
			TypeCache.Refresh (6ms)
				TypeCache.ScanAssembly (0ms)
			ScanForSourceGeneratedMonoScriptInfo (0ms)
			ResolveRequiredComponents (18ms)
	FinalizeReload (1489ms)
		ReleaseScriptCaches (0ms)
		RebuildScriptCaches (0ms)
		SetupLoadedEditorAssemblies (739ms)
			LogAssemblyErrors (0ms)
			InitializePlatformSupportModulesInManaged (8ms)
			SetLoadedEditorAssemblies (4ms)
			RefreshPlugins (0ms)
			BeforeProcessingInitializeOnLoad (132ms)
			ProcessInitializeOnLoadAttributes (534ms)
			ProcessInitializeOnLoadMethodAttributes (49ms)
			AfterProcessingInitializeOnLoad (11ms)
			EditorAssembliesLoaded (1ms)
		ExecutionOrderSort2 (0ms)
		AwakeInstancesAfterBackupRestoration (17ms)
Shader 'MoreMountains/MMRipple': fallback shader 'Particle/AlphaBlended' not found
Refreshing native plugins compatible for Editor in 5.53 ms, found 3 plugins.
Preloading 0 native plugins for Editor in 0.00 ms.
Unloading 6175 Unused Serialized files (Serialized files now loaded: 0)
Unloading 45 unused Assets / (390.4 KB). Loaded Objects now: 6959.
Memory consumption went from 306.9 MB to 306.5 MB.
Total: 3.559300 ms (FindLiveObjects: 0.465900 ms CreateObjectMapping: 0.527300 ms MarkObjects: 2.469600 ms  DeleteObjects: 0.096000 ms)

Prepare: number of updated asset objects reloaded= 0
AssetImportParameters requested are different than current active one (requested -> active):
  custom:container-demuxer-ogg: 62fdf1f143b41e24485cea50d1cbac27 -> 
  custom:framework-win-MediaFoundation: 216162199b28c13a410421893ffa2e32 -> 
  custom:container-muxer-webm: aa71ff27fc2769a1b78a27578f13a17b -> 
  custom:video-decoder-webm-vp8: 9c59270c3fd7afecdb556c50c9e8de78 -> 
  custom:SearchIndexIgnoredProperties: e643bd26f0fe6173181afceb89e7c659 -> 
  custom:AudioImporter_EditorPlatform: d09bf68614088b80899f8185d706f6e7 -> 
  custom:audio-decoder-ogg-vorbis: bf7c407c2cedff20999df2af8eb42d56 -> 
  custom:audio-encoder-webm-vorbis: bf7c407c2cedff20999df2af8eb42d56 -> 
  custom:video-decoder-ogg-theora: a1e56fd34408186e4bbccfd4996cb3dc -> 
  custom:CustomObjectIndexerAttribute: a3ef5dd2817f97addfee359851a9dba5 -> 
  custom:container-demuxer-webm: 4f35f7cbe854078d1ac9338744f61a02 -> 
  custom:video-encoder-webm-vp8: eb34c28f22e8b96e1ab97ce403110664 -> 
========================================================================
Received Import Request.
  Time since last request: 189.412587 seconds.
  path: Assets/Other/Microgames/Catch Fireflies/Your Materials/Mushrooms/Type3 F.mat
  artifactKey: Guid(054c3a7870d39674e8c28c66cec5edf2) Importer(815301076,1909f56bfc062723c751e8b465ee728b)
Start importing Assets/Other/Microgames/Catch Fireflies/Your Materials/Mushrooms/Type3 F.mat using Guid(054c3a7870d39674e8c28c66cec5edf2) Importer(815301076,1909f56bfc062723c751e8b465ee728b)  -> (artifact id: '614e1078d3ebe5b85b26e274afd0a2c9') in 0.247978 seconds
Number of updated asset objects reloaded before import = 0
Number of asset objects unloaded after import = 21
========================================================================
Received Import Request.
  Time since last request: 0.000019 seconds.
  path: Assets/Other/Microgames/Catch Fireflies/Your Materials/Mushrooms/Type4 B.mat
  artifactKey: Guid(8cbc84a7c2e0e004481be97f03b0575f) Importer(815301076,1909f56bfc062723c751e8b465ee728b)
Start importing Assets/Other/Microgames/Catch Fireflies/Your Materials/Mushrooms/Type4 B.mat using Guid(8cbc84a7c2e0e004481be97f03b0575f) Importer(815301076,1909f56bfc062723c751e8b465ee728b)  -> (artifact id: '5bdfc55a03bc8c093ecdcb1b719fb8d8') in 0.015265 seconds
Number of updated asset objects reloaded before import = 0
Number of asset objects unloaded after import = 3
========================================================================
Received Import Request.
  Time since last request: 0.000026 seconds.
  path: Assets/Other/Microgames/Catch Fireflies/Your Materials/Mushrooms/Type4 E.mat
  artifactKey: Guid(7ca9be40d284529429131fac187e2933) Importer(815301076,1909f56bfc062723c751e8b465ee728b)
Start importing Assets/Other/Microgames/Catch Fireflies/Your Materials/Mushrooms/Type4 E.mat using Guid(7ca9be40d284529429131fac187e2933) Importer(815301076,1909f56bfc062723c751e8b465ee728b)  -> (artifact id: 'b57971991cc9e076593bc34a6269aec9') in 0.019822 seconds
Number of updated asset objects reloaded before import = 0
Number of asset objects unloaded after import = 3
========================================================================
Received Import Request.
  Time since last request: 0.000020 seconds.
  path: Assets/Other/Microgames/Catch Fireflies/Your Materials/Mushrooms/Type4 A.mat
  artifactKey: Guid(45eb203c853571644be141a6401d3617) Importer(815301076,1909f56bfc062723c751e8b465ee728b)
Start importing Assets/Other/Microgames/Catch Fireflies/Your Materials/Mushrooms/Type4 A.mat using Guid(45eb203c853571644be141a6401d3617) Importer(815301076,1909f56bfc062723c751e8b465ee728b)  -> (artifact id: '63f971bb6881ea883ce3f8010051d3bc') in 0.019933 seconds
Number of updated asset objects reloaded before import = 0
Number of asset objects unloaded after import = 3
========================================================================
Received Import Request.
  Time since last request: 6.755522 seconds.
  path: Assets/Other/Microgames/Catch Fireflies/Your Materials/Mushrooms/Type4 G.mat
  artifactKey: Guid(0073a5c998b94dc4d931ae0132e99d10) Importer(815301076,1909f56bfc062723c751e8b465ee728b)
Start importing Assets/Other/Microgames/Catch Fireflies/Your Materials/Mushrooms/Type4 G.mat using Guid(0073a5c998b94dc4d931ae0132e99d10) Importer(815301076,1909f56bfc062723c751e8b465ee728b)  -> (artifact id: '582ee05093de1693aca59cbac8ee7ab1') in 0.019768 seconds
Number of updated asset objects reloaded before import = 0
Number of asset objects unloaded after import = 3
========================================================================
Received Import Request.
  Time since last request: 0.000017 seconds.
  path: Assets/Other/Microgames/Catch Fireflies/Your Materials/Mushrooms/Type5 C.mat
  artifactKey: Guid(bd1c8cedfd694904baa5ac98fb5e5038) Importer(815301076,1909f56bfc062723c751e8b465ee728b)
Start importing Assets/Other/Microgames/Catch Fireflies/Your Materials/Mushrooms/Type5 C.mat using Guid(bd1c8cedfd694904baa5ac98fb5e5038) Importer(815301076,1909f56bfc062723c751e8b465ee728b)  -> (artifact id: 'f84e8eb8ba6724cab7727e9824e03eba') in 0.020263 seconds
Number of updated asset objects reloaded before import = 0
Number of asset objects unloaded after import = 3
========================================================================
Received Import Request.
  Time since last request: 0.000020 seconds.
  path: Assets/Other/Microgames/Catch Fireflies/Your Materials/Mushrooms/Type5 F.mat
  artifactKey: Guid(f2c848a4c189ba546a843dc97b4c0659) Importer(815301076,1909f56bfc062723c751e8b465ee728b)
Start importing Assets/Other/Microgames/Catch Fireflies/Your Materials/Mushrooms/Type5 F.mat using Guid(f2c848a4c189ba546a843dc97b4c0659) Importer(815301076,1909f56bfc062723c751e8b465ee728b)  -> (artifact id: 'bf629c3a874f0f906862d618d714848e') in 0.023470 seconds
Number of updated asset objects reloaded before import = 0
Number of asset objects unloaded after import = 3
========================================================================
Received Import Request.
  Time since last request: 0.000019 seconds.
  path: Assets/Other/Microgames/Catch Fireflies/Your Materials/Mushrooms/Type5 G.mat
  artifactKey: Guid(1c07b1c82ad60b54197d0287aed574b3) Importer(815301076,1909f56bfc062723c751e8b465ee728b)
Start importing Assets/Other/Microgames/Catch Fireflies/Your Materials/Mushrooms/Type5 G.mat using Guid(1c07b1c82ad60b54197d0287aed574b3) Importer(815301076,1909f56bfc062723c751e8b465ee728b)  -> (artifact id: 'f50ffdc1e6e67a8625305fda2e091b30') in 0.020804 seconds
Number of updated asset objects reloaded before import = 0
Number of asset objects unloaded after import = 3
========================================================================
Received Import Request.
  Time since last request: 0.461091 seconds.
  path: Assets/Other/Microgames/Catch Fireflies/Your Materials/Mushrooms/Type6 B.mat
  artifactKey: Guid(19036fe5c253f374b946414cae6817e2) Importer(815301076,1909f56bfc062723c751e8b465ee728b)
Start importing Assets/Other/Microgames/Catch Fireflies/Your Materials/Mushrooms/Type6 B.mat using Guid(19036fe5c253f374b946414cae6817e2) Importer(815301076,1909f56bfc062723c751e8b465ee728b)  -> (artifact id: '173d038ba24ee975d4094d272870c044') in 0.019287 seconds
Number of updated asset objects reloaded before import = 0
Number of asset objects unloaded after import = 3
========================================================================
Received Import Request.
  Time since last request: 0.000018 seconds.
  path: Assets/Other/Microgames/Catch Fireflies/Your Materials/Mushrooms/Type6 F.mat
  artifactKey: Guid(814e1aa9f8153964abc2bf7a15f1e8ba) Importer(815301076,1909f56bfc062723c751e8b465ee728b)
Start importing Assets/Other/Microgames/Catch Fireflies/Your Materials/Mushrooms/Type6 F.mat using Guid(814e1aa9f8153964abc2bf7a15f1e8ba) Importer(815301076,1909f56bfc062723c751e8b465ee728b)  -> (artifact id: '36b3ccac4da3009fdc84e587a080a1b0') in 0.023836 seconds
Number of updated asset objects reloaded before import = 0
Number of asset objects unloaded after import = 3
========================================================================
Received Import Request.
  Time since last request: 0.097766 seconds.
  path: Assets/Other/Microgames/Catch Fireflies/Your Materials/Mushrooms/Type7 D.mat
  artifactKey: Guid(769a210513d62fd428d25fb60d617745) Importer(815301076,1909f56bfc062723c751e8b465ee728b)
Start importing Assets/Other/Microgames/Catch Fireflies/Your Materials/Mushrooms/Type7 D.mat using Guid(769a210513d62fd428d25fb60d617745) Importer(815301076,1909f56bfc062723c751e8b465ee728b)  -> (artifact id: '08e51fba5e4b0856151a7b05dfacdef2') in 0.020244 seconds
Number of updated asset objects reloaded before import = 0
Number of asset objects unloaded after import = 3
========================================================================
Received Import Request.
  Time since last request: 0.000017 seconds.
  path: Assets/Other/Microgames/Catch Fireflies/Your Materials/Mushrooms/Type8 A.mat
  artifactKey: Guid(5078a437cba7c234ca0f6c0d298829b4) Importer(815301076,1909f56bfc062723c751e8b465ee728b)
Start importing Assets/Other/Microgames/Catch Fireflies/Your Materials/Mushrooms/Type8 A.mat using Guid(5078a437cba7c234ca0f6c0d298829b4) Importer(815301076,1909f56bfc062723c751e8b465ee728b)  -> (artifact id: '1cc8982d11e5238c24b0a3256d6b87fb') in 0.022157 seconds
Number of updated asset objects reloaded before import = 0
Number of asset objects unloaded after import = 3
========================================================================
Received Import Request.
  Time since last request: 2.088774 seconds.
  path: Assets/Other/Microgames/Catch Fireflies/Your Materials/Mushrooms/Type8 F.mat
  artifactKey: Guid(6506ed0199dc3ef40ab4a5eb3a7ea08d) Importer(815301076,1909f56bfc062723c751e8b465ee728b)
Start importing Assets/Other/Microgames/Catch Fireflies/Your Materials/Mushrooms/Type8 F.mat using Guid(6506ed0199dc3ef40ab4a5eb3a7ea08d) Importer(815301076,1909f56bfc062723c751e8b465ee728b)  -> (artifact id: 'd7d87708673a53eef14d27ab2c9fe93e') in 0.020068 seconds
Number of updated asset objects reloaded before import = 0
Number of asset objects unloaded after import = 3
========================================================================
Received Import Request.
  Time since last request: 0.000017 seconds.
  path: Assets/Other/Microgames/Catch Fireflies/Your Materials/Mushrooms/Type9 C.mat
  artifactKey: Guid(52ef2789a2d295c4599a3c3fccf2b1a6) Importer(815301076,1909f56bfc062723c751e8b465ee728b)
Start importing Assets/Other/Microgames/Catch Fireflies/Your Materials/Mushrooms/Type9 C.mat using Guid(52ef2789a2d295c4599a3c3fccf2b1a6) Importer(815301076,1909f56bfc062723c751e8b465ee728b)  -> (artifact id: 'd2de67b337a9395a357e97852e1e9b8b') in 0.020512 seconds
Number of updated asset objects reloaded before import = 0
Number of asset objects unloaded after import = 3
========================================================================
Received Import Request.
  Time since last request: 0.183456 seconds.
  path: Assets/Other/Microgames/Catch Fireflies/Your Materials/Mushrooms/Type10 A.mat
  artifactKey: Guid(bf1885c69fef3414cafa58b5195052fb) Importer(815301076,1909f56bfc062723c751e8b465ee728b)
Start importing Assets/Other/Microgames/Catch Fireflies/Your Materials/Mushrooms/Type10 A.mat using Guid(bf1885c69fef3414cafa58b5195052fb) Importer(815301076,1909f56bfc062723c751e8b465ee728b)  -> (artifact id: 'b0e120efac576d99689dd83c77967d36') in 0.020255 seconds
Number of updated asset objects reloaded before import = 0
Number of asset objects unloaded after import = 3
========================================================================
Received Import Request.
  Time since last request: 0.000017 seconds.
  path: Assets/Other/Microgames/Catch Fireflies/Your Materials/Mushrooms/Type10 E.mat
  artifactKey: Guid(3e756d01b3b60ee43b1c81e1a90045a0) Importer(815301076,1909f56bfc062723c751e8b465ee728b)
Start importing Assets/Other/Microgames/Catch Fireflies/Your Materials/Mushrooms/Type10 E.mat using Guid(3e756d01b3b60ee43b1c81e1a90045a0) Importer(815301076,1909f56bfc062723c751e8b465ee728b)  -> (artifact id: '0af8bd98b929926a0c4bdcb7ab57f8f3') in 0.020432 seconds
Number of updated asset objects reloaded before import = 0
Number of asset objects unloaded after import = 3
========================================================================
Received Import Request.
  Time since last request: 0.101632 seconds.
  path: Assets/Other/Microgames/Potion/Your Materials/White.mat
  artifactKey: Guid(f6ae96e4b93880e4fa3cc11ca719380d) Importer(815301076,1909f56bfc062723c751e8b465ee728b)
Start importing Assets/Other/Microgames/Potion/Your Materials/White.mat using Guid(f6ae96e4b93880e4fa3cc11ca719380d) Importer(815301076,1909f56bfc062723c751e8b465ee728b)  -> (artifact id: '21787b74cf0ffa173f31f9fed1dcd9f3') in 0.017055 seconds
Number of updated asset objects reloaded before import = 0
Number of asset objects unloaded after import = 4
Editor requested this worker to shutdown with reason: Scaling down because of idle timeout
TcpMessagingSession - receive error: operation aborted. errorcode: 995, details: The I/O operation has been aborted because of either a thread exit or an application request.
AssetImportWorker is now disconnected from the server
Process exiting
Exiting without the bug reporter. Application will terminate with return code 0